
*** Running vivado
    with args -log VGAController.vds -m64 -product Vivado -mode batch -messageDb vivado.pb -notrace -source VGAController.tcl



****** Vivado v2024.2 (64-bit)
  **** SW Build 5239630 on Fri Nov 08 22:35:27 MST 2024
  **** IP Build 5239520 on Sun Nov 10 16:12:51 MST 2024
  **** SharedData Build 5239561 on Fri Nov 08 14:39:27 MST 2024
  **** Start of session at: Thu Jun  5 03:31:04 2025
    ** Copyright 1986-2022 Xilinx, Inc. All Rights Reserved.
    ** Copyright 2022-2024 Advanced Micro Devices, Inc. All Rights Reserved.

source VGAController.tcl -notrace
Command: read_checkpoint -auto_incremental -incremental C:/Users/Admin/Desktop/final_bb/final_complete.srcs/utils_1/imports/synth_1/VGAController.dcp
INFO: [Vivado 12-5825] Read reference checkpoint from C:/Users/Admin/Desktop/final_bb/final_complete.srcs/utils_1/imports/synth_1/VGAController.dcp for incremental synthesis
INFO: [Vivado 12-7989] Please ensure there are no constraint changes
Command: synth_design -top VGAController -part xc7a35tcsg324-1
Starting synth_design
Attempting to get a license for feature 'Synthesis' and/or device 'xc7a35t'
INFO: [Common 17-349] Got license for feature 'Synthesis' and/or device 'xc7a35t'
INFO: [Device 21-403] Loading part xc7a35tcsg324-1
INFO: [Designutils 20-5440] No compile time benefit to using incremental synthesis; A full resynthesis will be run
INFO: [Designutils 20-4379] Flow is switching to default flow due to incremental criteria not met. If you would like to alter this behaviour and have the flow terminate instead, please set the following parameter config_implementation {autoIncr.Synth.RejectBehavior Terminate}
INFO: [Synth 8-7079] Multithreading enabled for synth_design using a maximum of 2 processes.
INFO: [Synth 8-7078] Launching helper process for spawning children vivado processes
INFO: [Synth 8-7075] Helper process launched with PID 5668
---------------------------------------------------------------------------------
Starting RTL Elaboration : Time (s): cpu = 00:00:02 ; elapsed = 00:00:03 . Memory (MB): peak = 1060.945 ; gain = 466.594
---------------------------------------------------------------------------------
INFO: [Synth 8-6157] synthesizing module 'VGAController' [C:/Users/Admin/Desktop/final_bb/final_complete.srcs/sources_1/new/vga_controller_brain.v:1]
INFO: [Synth 8-6157] synthesizing module 'VGAClk252' [C:/Users/Admin/Desktop/final_bb/final_complete.runs/synth_1/.Xil/Vivado-9536-408-011/realtime/VGAClk252_stub.v:6]
INFO: [Synth 8-6155] done synthesizing module 'VGAClk252' (0#1) [C:/Users/Admin/Desktop/final_bb/final_complete.runs/synth_1/.Xil/Vivado-9536-408-011/realtime/VGAClk252_stub.v:6]
INFO: [Synth 8-6157] synthesizing module 'VGASync' [C:/Users/Admin/Desktop/final_bb/final_complete.srcs/sources_1/new/VGASync.v:1]
WARNING: [Synth 8-6090] variable 'vsync_next' is written by both blocking and non-blocking assignments, entire logic could be removed [C:/Users/Admin/Desktop/final_bb/final_complete.srcs/sources_1/new/VGASync.v:70]
WARNING: [Synth 8-6090] variable 'vsync_next' is written by both blocking and non-blocking assignments, entire logic could be removed [C:/Users/Admin/Desktop/final_bb/final_complete.srcs/sources_1/new/VGASync.v:72]
INFO: [Synth 8-6155] done synthesizing module 'VGASync' (0#1) [C:/Users/Admin/Desktop/final_bb/final_complete.srcs/sources_1/new/VGASync.v:1]
INFO: [Synth 8-6157] synthesizing module 'db_fsmd_imp' [C:/Users/Admin/Desktop/final_bb/final_complete.srcs/sources_1/new/db_fsm_debounce.v:2]
INFO: [Synth 8-226] default block is never used [C:/Users/Admin/Desktop/final_bb/final_complete.srcs/sources_1/new/db_fsm_debounce.v:43]
INFO: [Synth 8-6155] done synthesizing module 'db_fsmd_imp' (0#1) [C:/Users/Admin/Desktop/final_bb/final_complete.srcs/sources_1/new/db_fsm_debounce.v:2]
INFO: [Synth 8-6157] synthesizing module 'FROG_LOGIC' [C:/Users/Admin/Desktop/final_bb/final_complete.srcs/sources_1/new/FROG_LOGIC.V:1]
INFO: [Synth 8-6155] done synthesizing module 'FROG_LOGIC' (0#1) [C:/Users/Admin/Desktop/final_bb/final_complete.srcs/sources_1/new/FROG_LOGIC.V:1]
INFO: [Synth 8-6157] synthesizing module 'PixelGen' [C:/Users/Admin/Desktop/final_bb/final_complete.srcs/sources_1/new/pixel_generate_display.v:1]
INFO: [Synth 8-6157] synthesizing module 'image_rom' [C:/Users/Admin/Desktop/final_bb/final_complete.runs/synth_1/.Xil/Vivado-9536-408-011/realtime/image_rom_stub.v:6]
INFO: [Synth 8-6155] done synthesizing module 'image_rom' (0#1) [C:/Users/Admin/Desktop/final_bb/final_complete.runs/synth_1/.Xil/Vivado-9536-408-011/realtime/image_rom_stub.v:6]
WARNING: [Synth 8-689] width (15) of port connection 'addra' does not match port width (14) of module 'image_rom' [C:/Users/Admin/Desktop/final_bb/final_complete.srcs/sources_1/new/pixel_generate_display.v:60]
INFO: [Synth 8-6157] synthesizing module 'image_rom2' [C:/Users/Admin/Desktop/final_bb/final_complete.runs/synth_1/.Xil/Vivado-9536-408-011/realtime/image_rom2_stub.v:6]
INFO: [Synth 8-6155] done synthesizing module 'image_rom2' (0#1) [C:/Users/Admin/Desktop/final_bb/final_complete.runs/synth_1/.Xil/Vivado-9536-408-011/realtime/image_rom2_stub.v:6]
WARNING: [Synth 8-689] width (15) of port connection 'addra' does not match port width (13) of module 'image_rom2' [C:/Users/Admin/Desktop/final_bb/final_complete.srcs/sources_1/new/pixel_generate_display.v:68]
INFO: [Synth 8-6157] synthesizing module 'you_win_rom' [C:/Users/Admin/Desktop/final_bb/final_complete.runs/synth_1/.Xil/Vivado-9536-408-011/realtime/you_win_rom_stub.v:6]
INFO: [Synth 8-6155] done synthesizing module 'you_win_rom' (0#1) [C:/Users/Admin/Desktop/final_bb/final_complete.runs/synth_1/.Xil/Vivado-9536-408-011/realtime/you_win_rom_stub.v:6]
WARNING: [Synth 8-689] width (18) of port connection 'addra' does not match port width (15) of module 'you_win_rom' [C:/Users/Admin/Desktop/final_bb/final_complete.srcs/sources_1/new/pixel_generate_display.v:76]
INFO: [Synth 8-6155] done synthesizing module 'PixelGen' (0#1) [C:/Users/Admin/Desktop/final_bb/final_complete.srcs/sources_1/new/pixel_generate_display.v:1]
INFO: [Synth 8-6155] done synthesizing module 'VGAController' (0#1) [C:/Users/Admin/Desktop/final_bb/final_complete.srcs/sources_1/new/vga_controller_brain.v:1]
---------------------------------------------------------------------------------
Finished RTL Elaboration : Time (s): cpu = 00:00:03 ; elapsed = 00:00:04 . Memory (MB): peak = 1179.070 ; gain = 584.719
---------------------------------------------------------------------------------
---------------------------------------------------------------------------------
Start Handling Custom Attributes
---------------------------------------------------------------------------------
---------------------------------------------------------------------------------
Finished Handling Custom Attributes : Time (s): cpu = 00:00:03 ; elapsed = 00:00:05 . Memory (MB): peak = 1179.070 ; gain = 584.719
---------------------------------------------------------------------------------
---------------------------------------------------------------------------------
Finished RTL Optimization Phase 1 : Time (s): cpu = 00:00:03 ; elapsed = 00:00:05 . Memory (MB): peak = 1179.070 ; gain = 584.719
---------------------------------------------------------------------------------
Netlist sorting complete. Time (s): cpu = 00:00:00 ; elapsed = 00:00:00.010 . Memory (MB): peak = 1179.070 ; gain = 0.000
INFO: [Project 1-570] Preparing netlist for logic optimization

Processing XDC Constraints
Initializing timing engine
Parsing XDC File [c:/Users/Admin/Desktop/final_bb/final_complete.gen/sources_1/ip/VGAClk252/VGAClk252/VGAClk252_in_context.xdc] for cell 'vga_clk_252'
Finished Parsing XDC File [c:/Users/Admin/Desktop/final_bb/final_complete.gen/sources_1/ip/VGAClk252/VGAClk252/VGAClk252_in_context.xdc] for cell 'vga_clk_252'
Parsing XDC File [c:/Users/Admin/Desktop/final_bb/final_complete.gen/sources_1/ip/image_rom_1/image_rom/image_rom_in_context.xdc] for cell 'pixel_gen/frog_rom'
Finished Parsing XDC File [c:/Users/Admin/Desktop/final_bb/final_complete.gen/sources_1/ip/image_rom_1/image_rom/image_rom_in_context.xdc] for cell 'pixel_gen/frog_rom'
Parsing XDC File [c:/Users/Admin/Desktop/final_bb/final_complete.gen/sources_1/ip/image_rom2/image_rom2/image_rom2_in_context.xdc] for cell 'pixel_gen/map_rom'
Finished Parsing XDC File [c:/Users/Admin/Desktop/final_bb/final_complete.gen/sources_1/ip/image_rom2/image_rom2/image_rom2_in_context.xdc] for cell 'pixel_gen/map_rom'
Parsing XDC File [c:/Users/Admin/Desktop/final_bb/final_complete.gen/sources_1/ip/you_win_rom/you_win_rom/you_win_rom_in_context.xdc] for cell 'pixel_gen/win_rom'
Finished Parsing XDC File [c:/Users/Admin/Desktop/final_bb/final_complete.gen/sources_1/ip/you_win_rom/you_win_rom/you_win_rom_in_context.xdc] for cell 'pixel_gen/win_rom'
Parsing XDC File [C:/Users/Admin/Desktop/final_bb/final_complete.srcs/constrs_1/new/test.xdc]
Finished Parsing XDC File [C:/Users/Admin/Desktop/final_bb/final_complete.srcs/constrs_1/new/test.xdc]
INFO: [Project 1-236] Implementation specific constraints were found while reading constraint file [C:/Users/Admin/Desktop/final_bb/final_complete.srcs/constrs_1/new/test.xdc]. These constraints will be ignored for synthesis but will be used in implementation. Impacted constraints are listed in the file [.Xil/VGAController_propImpl.xdc].
Resolution: To avoid this warning, move constraints listed in [.Xil/VGAController_propImpl.xdc] to another XDC file and exclude this new file from synthesis with the used_in_synthesis property (File Properties dialog in GUI) and re-run elaboration/synthesis.
Completed Processing XDC Constraints

Netlist sorting complete. Time (s): cpu = 00:00:00 ; elapsed = 00:00:00 . Memory (MB): peak = 1260.809 ; gain = 0.000
INFO: [Project 1-111] Unisim Transformation Summary:
No Unisim elements were transformed.

Constraint Validation Runtime : Time (s): cpu = 00:00:00 ; elapsed = 00:00:00.004 . Memory (MB): peak = 1260.809 ; gain = 0.000
INFO: [Designutils 20-5440] No compile time benefit to using incremental synthesis; A full resynthesis will be run
INFO: [Designutils 20-4379] Flow is switching to default flow due to incremental criteria not met. If you would like to alter this behaviour and have the flow terminate instead, please set the following parameter config_implementation {autoIncr.Synth.RejectBehavior Terminate}
---------------------------------------------------------------------------------
Finished Constraint Validation : Time (s): cpu = 00:00:06 ; elapsed = 00:00:09 . Memory (MB): peak = 1260.809 ; gain = 666.457
---------------------------------------------------------------------------------
---------------------------------------------------------------------------------
Start Loading Part and Timing Information
---------------------------------------------------------------------------------
Loading part: xc7a35tcsg324-1
---------------------------------------------------------------------------------
Finished Loading Part and Timing Information : Time (s): cpu = 00:00:06 ; elapsed = 00:00:09 . Memory (MB): peak = 1260.809 ; gain = 666.457
---------------------------------------------------------------------------------
---------------------------------------------------------------------------------
Start Applying 'set_property' XDC Constraints
---------------------------------------------------------------------------------
Applied set_property KEEP_HIERARCHY = SOFT for vga_clk_252. (constraint file  auto generated constraint).
Applied set_property KEEP_HIERARCHY = SOFT for pixel_gen/frog_rom. (constraint file  auto generated constraint).
Applied set_property KEEP_HIERARCHY = SOFT for pixel_gen/map_rom. (constraint file  auto generated constraint).
Applied set_property KEEP_HIERARCHY = SOFT for pixel_gen/win_rom. (constraint file  auto generated constraint).
---------------------------------------------------------------------------------
Finished applying 'set_property' XDC Constraints : Time (s): cpu = 00:00:06 ; elapsed = 00:00:09 . Memory (MB): peak = 1260.809 ; gain = 666.457
---------------------------------------------------------------------------------
INFO: [Synth 8-802] inferred FSM for state register 'state_reg_reg' in module 'db_fsmd_imp'
INFO: [Synth 8-802] inferred FSM for state register 'state_reg' in module 'FROG_LOGIC'
---------------------------------------------------------------------------------------------------
                   State |                     New Encoding |                Previous Encoding 
---------------------------------------------------------------------------------------------------
                    zero |                               00 |                               00
                   wait1 |                               01 |                               11
                     one |                               10 |                               10
                   wait0 |                               11 |                               01
---------------------------------------------------------------------------------------------------
INFO: [Synth 8-3354] encoded FSM with state register 'state_reg_reg' using encoding 'sequential' in module 'db_fsmd_imp'
---------------------------------------------------------------------------------------------------
                   State |                     New Encoding |                Previous Encoding 
---------------------------------------------------------------------------------------------------
                    IDLE |                                0 |                               00
             DROWN_CHECK |                                1 |                               01
---------------------------------------------------------------------------------------------------
INFO: [Synth 8-3354] encoded FSM with state register 'state_reg' using encoding 'sequential' in module 'FROG_LOGIC'
---------------------------------------------------------------------------------
Finished RTL Optimization Phase 2 : Time (s): cpu = 00:00:06 ; elapsed = 00:00:10 . Memory (MB): peak = 1260.809 ; gain = 666.457
---------------------------------------------------------------------------------
---------------------------------------------------------------------------------
Start RTL Component Statistics 
---------------------------------------------------------------------------------
Detailed RTL Component Info : 
+---Adders : 
	   2 Input   25 Bit       Adders := 1     
	   2 Input   21 Bit       Adders := 4     
	   2 Input   11 Bit       Adders := 1     
	   2 Input   10 Bit       Adders := 5     
	   2 Input    4 Bit       Adders := 3     
+---Registers : 
	               28 Bit    Registers := 1     
	               21 Bit    Registers := 4     
	               11 Bit    Registers := 1     
	               10 Bit    Registers := 1     
	                4 Bit    Registers := 5     
	                3 Bit    Registers := 193   
	                1 Bit    Registers := 4     
+---Muxes : 
	   2 Input   25 Bit        Muxes := 1     
	   4 Input   21 Bit        Muxes := 4     
	   2 Input    4 Bit        Muxes := 15    
	   2 Input    3 Bit        Muxes := 1     
	   4 Input    2 Bit        Muxes := 4     
	   2 Input    2 Bit        Muxes := 14    
	   2 Input    1 Bit        Muxes := 21    
	   3 Input    1 Bit        Muxes := 1     
	   4 Input    1 Bit        Muxes := 12    
	   5 Input    1 Bit        Muxes := 1     
---------------------------------------------------------------------------------
Finished RTL Component Statistics 
---------------------------------------------------------------------------------
---------------------------------------------------------------------------------
Start Part Resource Summary
---------------------------------------------------------------------------------
Part Resources:
DSPs: 90 (col length:60)
BRAMs: 100 (col length: RAMB18 60 RAMB36 30)
---------------------------------------------------------------------------------
Finished Part Resource Summary
---------------------------------------------------------------------------------
---------------------------------------------------------------------------------
Start Cross Boundary and Area Optimization
---------------------------------------------------------------------------------
WARNING: [Synth 8-7080] Parallel synthesis criteria is not met
DSP Report: Generating DSP addra2, operation Mode is: A*(B:0x28).
DSP Report: operator addra2 is absorbed into DSP addra2.
DSP Report: Generating DSP addra0, operation Mode is: C+A*(B:0x28).
DSP Report: operator addra0 is absorbed into DSP addra0.
DSP Report: operator addra2 is absorbed into DSP addra0.
DSP Report: Generating DSP win_pixel_offset, operation Mode is: C+A*(B:0xc8).
DSP Report: operator win_pixel_offset is absorbed into DSP win_pixel_offset.
DSP Report: operator win_pixel_offset0 is absorbed into DSP win_pixel_offset.
---------------------------------------------------------------------------------
Finished Cross Boundary and Area Optimization : Time (s): cpu = 00:00:08 ; elapsed = 00:00:13 . Memory (MB): peak = 1291.094 ; gain = 696.742
---------------------------------------------------------------------------------
 Sort Area is  win_pixel_offset_4 : 0 0 : 168 168 : Used 1 time 0
 Sort Area is  addra0_2 : 0 0 : 88 88 : Used 1 time 0
 Sort Area is  addra2_0 : 0 0 : 44 44 : Used 1 time 0
---------------------------------------------------------------------------------
Start ROM, RAM, DSP, Shift Register and Retiming Reporting
---------------------------------------------------------------------------------

DSP: Preliminary Mapping Report (see note below. The ' indicates corresponding REG is set)
+------------+--------------+--------+--------+--------+--------+--------+------+------+------+------+-------+------+------+
|Module Name | DSP Mapping  | A Size | B Size | C Size | D Size | P Size | AREG | BREG | CREG | DREG | ADREG | MREG | PREG | 
+------------+--------------+--------+--------+--------+--------+--------+------+------+------+------+-------+------+------+
|PixelGen    | A*(B:0x28)   | 9      | 6      | -      | -      | 15     | 0    | 0    | -    | -    | -     | 0    | 0    | 
|PixelGen    | C+A*(B:0x28) | 10     | 6      | 14     | -      | 14     | 0    | 0    | 0    | -    | -     | 0    | 0    | 
|PixelGen    | C+A*(B:0xc8) | 10     | 8      | 10     | -      | 15     | 0    | 0    | 0    | -    | -     | 0    | 0    | 
+------------+--------------+--------+--------+--------+--------+--------+------+------+------+------+-------+------+------+

Note: The table above is a preliminary report that shows the DSPs inferred at the current stage of the synthesis flow. Some DSP may be reimplemented as non DSP primitives later in the synthesis flow. Multiple instantiated DSPs are reported only once.
---------------------------------------------------------------------------------
Finished ROM, RAM, DSP, Shift Register and Retiming Reporting
---------------------------------------------------------------------------------
---------------------------------------------------------------------------------
Start Applying XDC Timing Constraints
---------------------------------------------------------------------------------
---------------------------------------------------------------------------------
Finished Applying XDC Timing Constraints : Time (s): cpu = 00:00:12 ; elapsed = 00:00:19 . Memory (MB): peak = 1427.488 ; gain = 833.137
---------------------------------------------------------------------------------
---------------------------------------------------------------------------------
Start Timing Optimization
---------------------------------------------------------------------------------
---------------------------------------------------------------------------------
Finished Timing Optimization : Time (s): cpu = 00:00:12 ; elapsed = 00:00:19 . Memory (MB): peak = 1430.512 ; gain = 836.160
---------------------------------------------------------------------------------
---------------------------------------------------------------------------------
Start Technology Mapping
---------------------------------------------------------------------------------
---------------------------------------------------------------------------------
Finished Technology Mapping : Time (s): cpu = 00:00:12 ; elapsed = 00:00:19 . Memory (MB): peak = 1449.152 ; gain = 854.801
---------------------------------------------------------------------------------
---------------------------------------------------------------------------------
Start IO Insertion
---------------------------------------------------------------------------------
---------------------------------------------------------------------------------
Start Flattening Before IO Insertion
---------------------------------------------------------------------------------
---------------------------------------------------------------------------------
Finished Flattening Before IO Insertion
---------------------------------------------------------------------------------
---------------------------------------------------------------------------------
Start Final Netlist Cleanup
---------------------------------------------------------------------------------
---------------------------------------------------------------------------------
Finished Final Netlist Cleanup
---------------------------------------------------------------------------------
---------------------------------------------------------------------------------
Finished IO Insertion : Time (s): cpu = 00:00:13 ; elapsed = 00:00:22 . Memory (MB): peak = 1652.734 ; gain = 1058.383
---------------------------------------------------------------------------------
---------------------------------------------------------------------------------
Start Renaming Generated Instances
---------------------------------------------------------------------------------
---------------------------------------------------------------------------------
Finished Renaming Generated Instances : Time (s): cpu = 00:00:13 ; elapsed = 00:00:22 . Memory (MB): peak = 1652.734 ; gain = 1058.383
---------------------------------------------------------------------------------
---------------------------------------------------------------------------------
Start Rebuilding User Hierarchy
---------------------------------------------------------------------------------
---------------------------------------------------------------------------------
Finished Rebuilding User Hierarchy : Time (s): cpu = 00:00:13 ; elapsed = 00:00:22 . Memory (MB): peak = 1652.734 ; gain = 1058.383
---------------------------------------------------------------------------------
---------------------------------------------------------------------------------
Start Renaming Generated Ports
---------------------------------------------------------------------------------
---------------------------------------------------------------------------------
Finished Renaming Generated Ports : Time (s): cpu = 00:00:13 ; elapsed = 00:00:22 . Memory (MB): peak = 1652.734 ; gain = 1058.383
---------------------------------------------------------------------------------
---------------------------------------------------------------------------------
Start Handling Custom Attributes
---------------------------------------------------------------------------------
---------------------------------------------------------------------------------
Finished Handling Custom Attributes : Time (s): cpu = 00:00:14 ; elapsed = 00:00:22 . Memory (MB): peak = 1652.734 ; gain = 1058.383
---------------------------------------------------------------------------------
---------------------------------------------------------------------------------
Start Renaming Generated Nets
---------------------------------------------------------------------------------
---------------------------------------------------------------------------------
Finished Renaming Generated Nets : Time (s): cpu = 00:00:14 ; elapsed = 00:00:22 . Memory (MB): peak = 1652.734 ; gain = 1058.383
---------------------------------------------------------------------------------
---------------------------------------------------------------------------------
Start Writing Synthesis Report
---------------------------------------------------------------------------------

DSP Final Report (the ' indicates corresponding REG is set)
+------------+-------------+--------+--------+--------+--------+--------+------+------+------+------+-------+------+------+
|Module Name | DSP Mapping | A Size | B Size | C Size | D Size | P Size | AREG | BREG | CREG | DREG | ADREG | MREG | PREG | 
+------------+-------------+--------+--------+--------+--------+--------+------+------+------+------+-------+------+------+
|PixelGen    | A*B         | 7      | 6      | -      | -      | 15     | 0    | 0    | -    | -    | -     | 0    | 0    | 
|PixelGen    | C+A*B       | 8      | 6      | 14     | -      | 14     | 0    | 0    | 0    | -    | -     | 0    | 0    | 
|PixelGen    | C+A*B       | 10     | 8      | 10     | -      | 15     | 0    | 0    | 0    | -    | -     | 0    | 0    | 
+------------+-------------+--------+--------+--------+--------+--------+------+------+------+------+-------+------+------+


Report BlackBoxes: 
+------+--------------+----------+
|      |BlackBox name |Instances |
+------+--------------+----------+
|1     |VGAClk252     |         1|
|2     |image_rom     |         1|
|3     |image_rom2    |         1|
|4     |you_win_rom   |         1|
+------+--------------+----------+

Report Cell Usage: 
+------+------------+------+
|      |Cell        |Count |
+------+------------+------+
|1     |VGAClk252   |     1|
|2     |image_rom   |     1|
|3     |image_rom2  |     1|
|4     |you_win_rom |     1|
|5     |CARRY4      |    67|
|6     |DSP48E1     |     3|
|8     |LUT1        |    87|
|9     |LUT2        |    85|
|10    |LUT3        |    25|
|11    |LUT4        |   152|
|12    |LUT5        |    96|
|13    |LUT6        |   278|
|14    |MUXF7       |    31|
|15    |MUXF8       |     8|
|16    |FDCE        |   259|
|17    |FDPE        |    67|
|18    |IBUF        |     6|
|19    |OBUF        |    14|
+------+------------+------+
---------------------------------------------------------------------------------
Finished Writing Synthesis Report : Time (s): cpu = 00:00:14 ; elapsed = 00:00:22 . Memory (MB): peak = 1652.734 ; gain = 1058.383
---------------------------------------------------------------------------------
Synthesis finished with 0 errors, 0 critical warnings and 1 warnings.
Synthesis Optimization Runtime : Time (s): cpu = 00:00:11 ; elapsed = 00:00:21 . Memory (MB): peak = 1652.734 ; gain = 976.645
Synthesis Optimization Complete : Time (s): cpu = 00:00:14 ; elapsed = 00:00:22 . Memory (MB): peak = 1652.734 ; gain = 1058.383
INFO: [Project 1-571] Translating synthesized netlist
Netlist sorting complete. Time (s): cpu = 00:00:00 ; elapsed = 00:00:00.013 . Memory (MB): peak = 1661.941 ; gain = 0.000
INFO: [Netlist 29-17] Analyzing 109 Unisim elements for replacement
INFO: [Netlist 29-28] Unisim Transformation completed in 0 CPU seconds
INFO: [Project 1-570] Preparing netlist for logic optimization
INFO: [Opt 31-138] Pushed 0 inverter(s) to 0 load pin(s).
Netlist sorting complete. Time (s): cpu = 00:00:00 ; elapsed = 00:00:00 . Memory (MB): peak = 1665.582 ; gain = 0.000
INFO: [Project 1-111] Unisim Transformation Summary:
No Unisim elements were transformed.

Synth Design complete | Checksum: f85e7782
INFO: [Common 17-83] Releasing license: Synthesis
44 Infos, 6 Warnings, 0 Critical Warnings and 0 Errors encountered.
synth_design completed successfully
synth_design: Time (s): cpu = 00:00:16 ; elapsed = 00:00:26 . Memory (MB): peak = 1665.582 ; gain = 1264.758
Write ShapeDB Complete: Time (s): cpu = 00:00:00 ; elapsed = 00:00:00.002 . Memory (MB): peak = 1665.582 ; gain = 0.000
INFO: [Common 17-1381] The checkpoint 'C:/Users/Admin/Desktop/final_bb/final_complete.runs/synth_1/VGAController.dcp' has been generated.
INFO: [Vivado 12-24828] Executing command : report_utilization -file VGAController_utilization_synth.rpt -pb VGAController_utilization_synth.pb
INFO: [Common 17-206] Exiting Vivado at Thu Jun  5 03:31:33 2025...
