#-----------------------------------------------------------
# Vivado v2024.2 (64-bit)
# SW Build 5239630 on Fri Nov 08 22:35:27 MST 2024
# IP Build 5239520 on Sun Nov 10 16:12:51 MST 2024
# SharedData Build 5239561 on Fri Nov 08 14:39:27 MST 2024
# Start of session at: Wed Jun  4 12:22:00 2025
# Process ID         : 24900
# Current directory  : C:/Users/user/Desktop/final_complete
# Command line       : vivado.exe -gui_launcher_event rodinguilauncherevent22076 C:\Users\user\Desktop\final_complete\final_complete.xpr
# Log file           : C:/Users/user/Desktop/final_complete/vivado.log
# Journal file       : C:/Users/user/Desktop/final_complete\vivado.jou
# Running On         : M700MD-1
# Platform           : Windows Server 2016 or Windows 10
# Operating System   : 22621
# Processor Detail   : 12th Gen Intel(R) Core(TM) i5-12500
# CPU Frequency      : 2995 MHz
# CPU Physical cores : 6
# CPU Logical cores  : 12
# Host memory        : 8284 MB
# Swap memory        : 21596 MB
# Total Virtual      : 29880 MB
# Available Virtual  : 7793 MB
#-----------------------------------------------------------
start_gui
open_project C:/Users/user/Desktop/final_complete/final_complete.xpr
Scanning sources...
Finished scanning sources
INFO: [IP_Flow 19-234] Refreshing IP repositories
INFO: [IP_Flow 19-1704] No user IP repositories specified
INFO: [IP_Flow 19-2313] Loaded Vivado IP repository 'C:/Xilinx/Vivado/2024.2/data/ip'.
update_compile_order -fileset sources_1
open_hw_manager
connect_hw_server -allow_non_jtag
INFO: [Labtools 27-2285] Connecting to hw_server url TCP:localhost:3121
INFO: [Labtools 27-2222] Launching hw_server...
INFO: [Labtools 27-2221] Launch Output:

****** Xilinx hw_server v2024.2
  **** Build date : Oct 29 2024 at 10:25:41
    ** Copyright 1986-2022 Xilinx, Inc. All Rights Reserved.


INFO: [Labtools 27-3415] Connecting to cs_server url TCP:localhost:0
INFO: [Labtools 27-3417] Launching cs_server...
INFO: [Labtools 27-2221] Launch Output:


******** Xilinx cs_server v2024.2.0
  ****** Build date   : Oct 31 2024-02:19:07
    **** Build number : 2024.2.1730312347
      ** Copyright 2017-2022 Xilinx, Inc. All Rights Reserved.
      ** Copyright 2022-2025 Advanced Micro Devices, Inc. All Rights Reserved.



connect_hw_server: Time (s): cpu = 00:00:01 ; elapsed = 00:00:06 . Memory (MB): peak = 1261.312 ; gain = 12.770
open_hw_target
INFO: [Labtoolstcl 44-466] Opening hw_target localhost:3121/xilinx_tcf/Xilinx/1234-tulA
set_property PROGRAM.FILE {C:/Users/user/Desktop/final_complete/final_complete.runs/impl_1/VGAController.bit} [get_hw_devices xc7a35t_0]
current_hw_device [get_hw_devices xc7a35t_0]
refresh_hw_device -update_hw_probes false [lindex [get_hw_devices xc7a35t_0] 0]
INFO: [Labtools 27-1434] Device xc7a35t (JTAG device index = 0) is programmed with a design that has no supported debug core(s) in it.
set_property PROBES.FILE {} [get_hw_devices xc7a35t_0]
set_property FULL_PROBES.FILE {} [get_hw_devices xc7a35t_0]
set_property PROGRAM.FILE {C:/Users/user/Desktop/final_complete/final_complete.runs/impl_1/VGAController.bit} [get_hw_devices xc7a35t_0]
program_hw_devices [get_hw_devices xc7a35t_0]
INFO: [Labtools 27-3164] End of startup status: HIGH
refresh_hw_device [lindex [get_hw_devices xc7a35t_0] 0]
INFO: [Labtools 27-1434] Device xc7a35t (JTAG device index = 0) is programmed with a design that has no supported debug core(s) in it.
close_hw_manager
reset_run synth_1
INFO: [Project 1-1161] Replacing file C:/Users/user/Desktop/final_complete/final_complete.srcs/utils_1/imports/synth_1/VGAController.dcp with file C:/Users/user/Desktop/final_complete/final_complete.runs/synth_1/VGAController.dcp
launch_runs synth_1 -jobs 6
[Wed Jun  4 12:25:39 2025] Launched synth_1...
Run output will be captured here: C:/Users/user/Desktop/final_complete/final_complete.runs/synth_1/runme.log
launch_runs impl_1 -jobs 6
[Wed Jun  4 12:26:19 2025] Launched impl_1...
Run output will be captured here: C:/Users/user/Desktop/final_complete/final_complete.runs/impl_1/runme.log
launch_runs impl_1 -to_step write_bitstream -jobs 6
[Wed Jun  4 12:27:21 2025] Launched impl_1...
Run output will be captured here: C:/Users/user/Desktop/final_complete/final_complete.runs/impl_1/runme.log
open_hw_manager
connect_hw_server -allow_non_jtag
INFO: [Labtools 27-2285] Connecting to hw_server url TCP:localhost:3121
INFO: [Labtools 27-2222] Launching hw_server...
INFO: [Labtools 27-2221] Launch Output:

****** Xilinx hw_server v2024.2
  **** Build date : Oct 29 2024 at 10:25:41
    ** Copyright 1986-2022 Xilinx, Inc. All Rights Reserved.


INFO: [Labtools 27-3415] Connecting to cs_server url TCP:localhost:0
INFO: [Labtools 27-3417] Launching cs_server...
INFO: [Labtools 27-2221] Launch Output:


******** Xilinx cs_server v2024.2.0
  ****** Build date   : Oct 31 2024-02:19:07
    **** Build number : 2024.2.1730312347
      ** Copyright 2017-2022 Xilinx, Inc. All Rights Reserved.
      ** Copyright 2022-2025 Advanced Micro Devices, Inc. All Rights Reserved.



connect_hw_server: Time (s): cpu = 00:00:00 ; elapsed = 00:00:07 . Memory (MB): peak = 1386.730 ; gain = 0.000
open_hw_target
INFO: [Labtoolstcl 44-466] Opening hw_target localhost:3121/xilinx_tcf/Xilinx/1234-tulA
set_property PROGRAM.FILE {C:/Users/user/Desktop/final_complete/final_complete.runs/impl_1/VGAController.bit} [get_hw_devices xc7a35t_0]
current_hw_device [get_hw_devices xc7a35t_0]
refresh_hw_device -update_hw_probes false [lindex [get_hw_devices xc7a35t_0] 0]
INFO: [Labtools 27-1434] Device xc7a35t (JTAG device index = 0) is programmed with a design that has no supported debug core(s) in it.
set_property PROBES.FILE {} [get_hw_devices xc7a35t_0]
set_property FULL_PROBES.FILE {} [get_hw_devices xc7a35t_0]
set_property PROGRAM.FILE {C:/Users/user/Desktop/final_complete/final_complete.runs/impl_1/VGAController.bit} [get_hw_devices xc7a35t_0]
program_hw_devices [get_hw_devices xc7a35t_0]
INFO: [Labtools 27-3164] End of startup status: HIGH
refresh_hw_device [lindex [get_hw_devices xc7a35t_0] 0]
INFO: [Labtools 27-1434] Device xc7a35t (JTAG device index = 0) is programmed with a design that has no supported debug core(s) in it.
WARNING: [filemgmt 56-199] Attempt to get parsing info during refresh. "On-the-fly" syntax checking information may be incorrect. [C:\Users\user\Desktop\final_complete\final_complete.srcs\sources_1\new\vga_controller_brain.v:]
WARNING: [filemgmt 56-199] Attempt to get parsing info during refresh. "On-the-fly" syntax checking information may be incorrect. [C:\Users\user\Desktop\final_complete\final_complete.srcs\sources_1\new\FROG_LOGIC.V:]
WARNING: [filemgmt 56-199] Attempt to get parsing info during refresh. "On-the-fly" syntax checking information may be incorrect. [C:\Users\user\Desktop\final_complete\final_complete.srcs\sources_1\new\FROG_LOGIC.V:]
WARNING: [filemgmt 56-199] Attempt to get parsing info during refresh. "On-the-fly" syntax checking information may be incorrect. [C:\Users\user\Desktop\final_complete\final_complete.srcs\sources_1\new\FROG_LOGIC.V:]
ERROR: [Common 17-180] Spawn failed: No error
WARNING: [filemgmt 56-199] Attempt to get parsing info during refresh. "On-the-fly" syntax checking information may be incorrect. [C:\Users\user\Desktop\final_complete\final_complete.srcs\sources_1\new\vga_controller_brain.v:]
WARNING: [filemgmt 56-199] Attempt to get parsing info during refresh. "On-the-fly" syntax checking information may be incorrect. [C:\Users\user\Desktop\final_complete\final_complete.srcs\sources_1\new\FROG_LOGIC.V:]
WARNING: [filemgmt 56-199] Attempt to get parsing info during refresh. "On-the-fly" syntax checking information may be incorrect. [C:\Users\user\Desktop\final_complete\final_complete.srcs\sources_1\new\vga_controller_brain.v:]
WARNING: [filemgmt 56-199] Attempt to get parsing info during refresh. "On-the-fly" syntax checking information may be incorrect. [C:\Users\user\Desktop\final_complete\final_complete.srcs\sources_1\new\vga_controller_brain.v:]
WARNING: [filemgmt 56-199] Attempt to get parsing info during refresh. "On-the-fly" syntax checking information may be incorrect. [C:\Users\user\Desktop\final_complete\final_complete.srcs\sources_1\new\vga_controller_brain.v:]
WARNING: [filemgmt 56-199] Attempt to get parsing info during refresh. "On-the-fly" syntax checking information may be incorrect. [C:\Users\user\Desktop\final_complete\final_complete.srcs\sources_1\new\FROG_LOGIC.V:]
WARNING: [filemgmt 56-199] Attempt to get parsing info during refresh. "On-the-fly" syntax checking information may be incorrect. [C:\Users\user\Desktop\final_complete\final_complete.srcs\sources_1\new\vga_controller_brain.v:]
WARNING: [filemgmt 56-199] Attempt to get parsing info during refresh. "On-the-fly" syntax checking information may be incorrect. [C:\Users\user\Desktop\final_complete\final_complete.srcs\sources_1\new\vga_controller_brain.v:]
ERROR: [Common 17-180] Spawn failed: No error
reset_run synth_1
INFO: [Project 1-1161] Replacing file C:/Users/user/Desktop/final_complete/final_complete.srcs/utils_1/imports/synth_1/VGAController.dcp with file C:/Users/user/Desktop/final_complete/final_complete.runs/synth_1/VGAController.dcp
WARNING: [filemgmt 56-199] Attempt to get parsing info during refresh. "On-the-fly" syntax checking information may be incorrect. [C:\Users\user\Desktop\final_complete\final_complete.srcs\sources_1\new\vga_controller_brain.v:]
WARNING: [filemgmt 56-199] Attempt to get parsing info during refresh. "On-the-fly" syntax checking information may be incorrect. [C:\Users\user\Desktop\final_complete\final_complete.srcs\sources_1\new\FROG_LOGIC.V:]
WARNING: [filemgmt 56-199] Attempt to get parsing info during refresh. "On-the-fly" syntax checking information may be incorrect. [C:\Users\user\Desktop\final_complete\final_complete.srcs\sources_1\new\FROG_LOGIC.V:]
WARNING: [filemgmt 56-199] Attempt to get parsing info during refresh. "On-the-fly" syntax checking information may be incorrect. [C:\Users\user\Desktop\final_complete\final_complete.srcs\sources_1\new\FROG_LOGIC.V:]
launch_runs synth_1 -jobs 6
[Wed Jun  4 12:29:05 2025] Launched synth_1...
Run output will be captured here: C:/Users/user/Desktop/final_complete/final_complete.runs/synth_1/runme.log
ERROR: [Common 17-180] Spawn failed: No error
close_hw_manager
WARNING: [filemgmt 56-199] Attempt to get parsing info during refresh. "On-the-fly" syntax checking information may be incorrect. [C:\Users\user\Desktop\final_complete\final_complete.srcs\sources_1\new\vga_controller_brain.v:]
WARNING: [filemgmt 56-199] Attempt to get parsing info during refresh. "On-the-fly" syntax checking information may be incorrect. [C:\Users\user\Desktop\final_complete\final_complete.srcs\sources_1\new\FROG_LOGIC.V:]
WARNING: [filemgmt 56-199] Attempt to get parsing info during refresh. "On-the-fly" syntax checking information may be incorrect. [C:\Users\user\Desktop\final_complete\final_complete.srcs\sources_1\new\vga_controller_brain.v:]
WARNING: [filemgmt 56-199] Attempt to get parsing info during refresh. "On-the-fly" syntax checking information may be incorrect. [C:\Users\user\Desktop\final_complete\final_complete.srcs\sources_1\new\vga_controller_brain.v:]
WARNING: [filemgmt 56-199] Attempt to get parsing info during refresh. "On-the-fly" syntax checking information may be incorrect. [C:\Users\user\Desktop\final_complete\final_complete.srcs\sources_1\new\vga_controller_brain.v:]
WARNING: [filemgmt 56-199] Attempt to get parsing info during refresh. "On-the-fly" syntax checking information may be incorrect. [C:\Users\user\Desktop\final_complete\final_complete.srcs\sources_1\new\FROG_LOGIC.V:]
WARNING: [filemgmt 56-199] Attempt to get parsing info during refresh. "On-the-fly" syntax checking information may be incorrect. [C:\Users\user\Desktop\final_complete\final_complete.srcs\sources_1\new\vga_controller_brain.v:]
WARNING: [filemgmt 56-199] Attempt to get parsing info during refresh. "On-the-fly" syntax checking information may be incorrect. [C:\Users\user\Desktop\final_complete\final_complete.srcs\sources_1\new\vga_controller_brain.v:]
WARNING: [filemgmt 56-199] Attempt to get parsing info during refresh. "On-the-fly" syntax checking information may be incorrect. [C:\Users\user\Desktop\final_complete\final_complete.srcs\sources_1\new\vga_controller_brain.v:]
WARNING: [filemgmt 56-199] Attempt to get parsing info during refresh. "On-the-fly" syntax checking information may be incorrect. [C:\Users\user\Desktop\final_complete\final_complete.srcs\sources_1\new\FROG_LOGIC.V:]
WARNING: [filemgmt 56-199] Attempt to get parsing info during refresh. "On-the-fly" syntax checking information may be incorrect. [C:\Users\user\Desktop\final_complete\final_complete.srcs\sources_1\new\FROG_LOGIC.V:]
WARNING: [filemgmt 56-199] Attempt to get parsing info during refresh. "On-the-fly" syntax checking information may be incorrect. [C:\Users\user\Desktop\final_complete\final_complete.srcs\sources_1\new\FROG_LOGIC.V:]
ERROR: [Common 17-180] Spawn failed: No error
reset_run synth_1
launch_runs synth_1 -jobs 6
[Wed Jun  4 12:29:55 2025] Launched synth_1...
Run output will be captured here: C:/Users/user/Desktop/final_complete/final_complete.runs/synth_1/runme.log
launch_runs impl_1 -jobs 6
[Wed Jun  4 12:30:35 2025] Launched impl_1...
Run output will be captured here: C:/Users/user/Desktop/final_complete/final_complete.runs/impl_1/runme.log
launch_runs impl_1 -to_step write_bitstream -jobs 6
[Wed Jun  4 12:31:24 2025] Launched impl_1...
Run output will be captured here: C:/Users/user/Desktop/final_complete/final_complete.runs/impl_1/runme.log
open_hw_manager
connect_hw_server -allow_non_jtag
INFO: [Labtools 27-2285] Connecting to hw_server url TCP:localhost:3121
INFO: [Labtools 27-2222] Launching hw_server...
INFO: [Labtools 27-2221] Launch Output:

****** Xilinx hw_server v2024.2
  **** Build date : Oct 29 2024 at 10:25:41
    ** Copyright 1986-2022 Xilinx, Inc. All Rights Reserved.


INFO: [Labtools 27-3415] Connecting to cs_server url TCP:localhost:0
INFO: [Labtools 27-3417] Launching cs_server...
INFO: [Labtools 27-2221] Launch Output:


******** Xilinx cs_server v2024.2.0
  ****** Build date   : Oct 31 2024-02:19:07
    **** Build number : 2024.2.1730312347
      ** Copyright 2017-2022 Xilinx, Inc. All Rights Reserved.
      ** Copyright 2022-2025 Advanced Micro Devices, Inc. All Rights Reserved.



connect_hw_server: Time (s): cpu = 00:00:00 ; elapsed = 00:00:07 . Memory (MB): peak = 1386.730 ; gain = 0.000
open_hw_target
INFO: [Labtoolstcl 44-466] Opening hw_target localhost:3121/xilinx_tcf/Xilinx/1234-tulA
set_property PROGRAM.FILE {C:/Users/user/Desktop/final_complete/final_complete.runs/impl_1/VGAController.bit} [get_hw_devices xc7a35t_0]
current_hw_device [get_hw_devices xc7a35t_0]
refresh_hw_device -update_hw_probes false [lindex [get_hw_devices xc7a35t_0] 0]
INFO: [Labtools 27-1434] Device xc7a35t (JTAG device index = 0) is programmed with a design that has no supported debug core(s) in it.
set_property PROBES.FILE {} [get_hw_devices xc7a35t_0]
set_property FULL_PROBES.FILE {} [get_hw_devices xc7a35t_0]
set_property PROGRAM.FILE {C:/Users/user/Desktop/final_complete/final_complete.runs/impl_1/VGAController.bit} [get_hw_devices xc7a35t_0]
program_hw_devices [get_hw_devices xc7a35t_0]
INFO: [Labtools 27-3164] End of startup status: HIGH
refresh_hw_device [lindex [get_hw_devices xc7a35t_0] 0]
INFO: [Labtools 27-1434] Device xc7a35t (JTAG device index = 0) is programmed with a design that has no supported debug core(s) in it.
WARNING: [filemgmt 56-199] Attempt to get parsing info during refresh. "On-the-fly" syntax checking information may be incorrect. [C:\Users\user\Desktop\final_complete\final_complete.srcs\sources_1\new\vga_controller_brain.v:]
WARNING: [filemgmt 56-199] Attempt to get parsing info during refresh. "On-the-fly" syntax checking information may be incorrect. [C:\Users\user\Desktop\final_complete\final_complete.srcs\sources_1\new\FROG_LOGIC.V:]
WARNING: [filemgmt 56-199] Attempt to get parsing info during refresh. "On-the-fly" syntax checking information may be incorrect. [C:\Users\user\Desktop\final_complete\final_complete.srcs\sources_1\new\pixel_generate_display.v:]
WARNING: [filemgmt 56-199] Attempt to get parsing info during refresh. "On-the-fly" syntax checking information may be incorrect. [C:\Users\user\Desktop\final_complete\final_complete.srcs\sources_1\new\pixel_generate_display.v:]
WARNING: [filemgmt 56-199] Attempt to get parsing info during refresh. "On-the-fly" syntax checking information may be incorrect. [C:\Users\user\Desktop\final_complete\final_complete.srcs\sources_1\new\pixel_generate_display.v:]
ERROR: [Common 17-180] Spawn failed: No error
WARNING: [filemgmt 56-199] Attempt to get parsing info during refresh. "On-the-fly" syntax checking information may be incorrect. [C:\Users\user\Desktop\final_complete\final_complete.srcs\sources_1\new\vga_controller_brain.v:]
WARNING: [filemgmt 56-199] Attempt to get parsing info during refresh. "On-the-fly" syntax checking information may be incorrect. [C:\Users\user\Desktop\final_complete\final_complete.srcs\sources_1\new\FROG_LOGIC.V:]
WARNING: [filemgmt 56-199] Attempt to get parsing info during refresh. "On-the-fly" syntax checking information may be incorrect. [C:\Users\user\Desktop\final_complete\final_complete.srcs\sources_1\new\pixel_generate_display.v:]
WARNING: [filemgmt 56-199] Attempt to get parsing info during refresh. "On-the-fly" syntax checking information may be incorrect. [C:\Users\user\Desktop\final_complete\final_complete.srcs\sources_1\new\FROG_LOGIC.V:]
WARNING: [filemgmt 56-199] Attempt to get parsing info during refresh. "On-the-fly" syntax checking information may be incorrect. [C:\Users\user\Desktop\final_complete\final_complete.srcs\sources_1\new\FROG_LOGIC.V:]
WARNING: [filemgmt 56-199] Attempt to get parsing info during refresh. "On-the-fly" syntax checking information may be incorrect. [C:\Users\user\Desktop\final_complete\final_complete.srcs\sources_1\new\vga_controller_brain.v:]
WARNING: [filemgmt 56-199] Attempt to get parsing info during refresh. "On-the-fly" syntax checking information may be incorrect. [C:\Users\user\Desktop\final_complete\final_complete.srcs\sources_1\new\FROG_LOGIC.V:]
WARNING: [filemgmt 56-199] Attempt to get parsing info during refresh. "On-the-fly" syntax checking information may be incorrect. [C:\Users\user\Desktop\final_complete\final_complete.srcs\sources_1\new\pixel_generate_display.v:]
WARNING: [filemgmt 56-199] Attempt to get parsing info during refresh. "On-the-fly" syntax checking information may be incorrect. [C:\Users\user\Desktop\final_complete\final_complete.srcs\sources_1\new\vga_controller_brain.v:]
WARNING: [filemgmt 56-199] Attempt to get parsing info during refresh. "On-the-fly" syntax checking information may be incorrect. [C:\Users\user\Desktop\final_complete\final_complete.srcs\sources_1\new\vga_controller_brain.v:]
reset_run synth_1
INFO: [Project 1-1161] Replacing file C:/Users/user/Desktop/final_complete/final_complete.srcs/utils_1/imports/synth_1/VGAController.dcp with file C:/Users/user/Desktop/final_complete/final_complete.runs/synth_1/VGAController.dcp
launch_runs synth_1 -jobs 6
[Wed Jun  4 12:33:42 2025] Launched synth_1...
Run output will be captured here: C:/Users/user/Desktop/final_complete/final_complete.runs/synth_1/runme.log
WARNING: [filemgmt 56-199] Attempt to get parsing info during refresh. "On-the-fly" syntax checking information may be incorrect. [C:\Users\user\Desktop\final_complete\final_complete.srcs\sources_1\new\vga_controller_brain.v:]
WARNING: [filemgmt 56-199] Attempt to get parsing info during refresh. "On-the-fly" syntax checking information may be incorrect. [C:\Users\user\Desktop\final_complete\final_complete.srcs\sources_1\new\FROG_LOGIC.V:]
WARNING: [filemgmt 56-199] Attempt to get parsing info during refresh. "On-the-fly" syntax checking information may be incorrect. [C:\Users\user\Desktop\final_complete\final_complete.srcs\sources_1\new\pixel_generate_display.v:]
WARNING: [filemgmt 56-199] Attempt to get parsing info during refresh. "On-the-fly" syntax checking information may be incorrect. [C:\Users\user\Desktop\final_complete\final_complete.srcs\sources_1\new\FROG_LOGIC.V:]
WARNING: [filemgmt 56-199] Attempt to get parsing info during refresh. "On-the-fly" syntax checking information may be incorrect. [C:\Users\user\Desktop\final_complete\final_complete.srcs\sources_1\new\FROG_LOGIC.V:]
WARNING: [filemgmt 56-199] Attempt to get parsing info during refresh. "On-the-fly" syntax checking information may be incorrect. [C:\Users\user\Desktop\final_complete\final_complete.srcs\sources_1\new\vga_controller_brain.v:]
WARNING: [filemgmt 56-199] Attempt to get parsing info during refresh. "On-the-fly" syntax checking information may be incorrect. [C:\Users\user\Desktop\final_complete\final_complete.srcs\sources_1\new\FROG_LOGIC.V:]
WARNING: [filemgmt 56-199] Attempt to get parsing info during refresh. "On-the-fly" syntax checking information may be incorrect. [C:\Users\user\Desktop\final_complete\final_complete.srcs\sources_1\new\pixel_generate_display.v:]
WARNING: [filemgmt 56-199] Attempt to get parsing info during refresh. "On-the-fly" syntax checking information may be incorrect. [C:\Users\user\Desktop\final_complete\final_complete.srcs\sources_1\new\vga_controller_brain.v:]
WARNING: [filemgmt 56-199] Attempt to get parsing info during refresh. "On-the-fly" syntax checking information may be incorrect. [C:\Users\user\Desktop\final_complete\final_complete.srcs\sources_1\new\vga_controller_brain.v:]
launch_runs impl_1 -jobs 6
[Wed Jun  4 12:35:14 2025] Launched impl_1...
Run output will be captured here: C:/Users/user/Desktop/final_complete/final_complete.runs/impl_1/runme.log
launch_runs impl_1 -to_step write_bitstream -jobs 6
[Wed Jun  4 12:36:06 2025] Launched impl_1...
Run output will be captured here: C:/Users/user/Desktop/final_complete/final_complete.runs/impl_1/runme.log
set_property PROBES.FILE {} [get_hw_devices xc7a35t_0]
set_property FULL_PROBES.FILE {} [get_hw_devices xc7a35t_0]
set_property PROGRAM.FILE {C:/Users/user/Desktop/final_complete/final_complete.runs/impl_1/VGAController.bit} [get_hw_devices xc7a35t_0]
program_hw_devices [get_hw_devices xc7a35t_0]
INFO: [Labtools 27-3164] End of startup status: HIGH
refresh_hw_device [lindex [get_hw_devices xc7a35t_0] 0]
INFO: [Labtools 27-1434] Device xc7a35t (JTAG device index = 0) is programmed with a design that has no supported debug core(s) in it.
WARNING: [filemgmt 56-199] Attempt to get parsing info during refresh. "On-the-fly" syntax checking information may be incorrect. [C:\Users\user\Desktop\final_complete\final_complete.srcs\sources_1\new\vga_controller_brain.v:]
WARNING: [filemgmt 56-199] Attempt to get parsing info during refresh. "On-the-fly" syntax checking information may be incorrect. [C:\Users\user\Desktop\final_complete\final_complete.srcs\sources_1\new\FROG_LOGIC.V:]
WARNING: [filemgmt 56-199] Attempt to get parsing info during refresh. "On-the-fly" syntax checking information may be incorrect. [C:\Users\user\Desktop\final_complete\final_complete.srcs\sources_1\new\pixel_generate_display.v:]
WARNING: [filemgmt 56-199] Attempt to get parsing info during refresh. "On-the-fly" syntax checking information may be incorrect. [C:\Users\user\Desktop\final_complete\final_complete.srcs\sources_1\new\FROG_LOGIC.V:]
WARNING: [filemgmt 56-199] Attempt to get parsing info during refresh. "On-the-fly" syntax checking information may be incorrect. [C:\Users\user\Desktop\final_complete\final_complete.srcs\sources_1\new\FROG_LOGIC.V:]
WARNING: [filemgmt 56-199] Attempt to get parsing info during refresh. "On-the-fly" syntax checking information may be incorrect. [C:\Users\user\Desktop\final_complete\final_complete.srcs\sources_1\new\vga_controller_brain.v:]
WARNING: [filemgmt 56-199] Attempt to get parsing info during refresh. "On-the-fly" syntax checking information may be incorrect. [C:\Users\user\Desktop\final_complete\final_complete.srcs\sources_1\new\FROG_LOGIC.V:]
WARNING: [filemgmt 56-199] Attempt to get parsing info during refresh. "On-the-fly" syntax checking information may be incorrect. [C:\Users\user\Desktop\final_complete\final_complete.srcs\sources_1\new\pixel_generate_display.v:]
WARNING: [filemgmt 56-199] Attempt to get parsing info during refresh. "On-the-fly" syntax checking information may be incorrect. [C:\Users\user\Desktop\final_complete\final_complete.srcs\sources_1\new\vga_controller_brain.v:]
WARNING: [filemgmt 56-199] Attempt to get parsing info during refresh. "On-the-fly" syntax checking information may be incorrect. [C:\Users\user\Desktop\final_complete\final_complete.srcs\sources_1\new\vga_controller_brain.v:]
reset_run synth_1
INFO: [Project 1-1161] Replacing file C:/Users/user/Desktop/final_complete/final_complete.srcs/utils_1/imports/synth_1/VGAController.dcp with file C:/Users/user/Desktop/final_complete/final_complete.runs/synth_1/VGAController.dcp
launch_runs synth_1 -jobs 6
[Wed Jun  4 12:39:39 2025] Launched synth_1...
Run output will be captured here: C:/Users/user/Desktop/final_complete/final_complete.runs/synth_1/runme.log
WARNING: [filemgmt 56-199] Attempt to get parsing info during refresh. "On-the-fly" syntax checking information may be incorrect. [C:\Users\user\Desktop\final_complete\final_complete.srcs\sources_1\new\vga_controller_brain.v:]
WARNING: [filemgmt 56-199] Attempt to get parsing info during refresh. "On-the-fly" syntax checking information may be incorrect. [C:\Users\user\Desktop\final_complete\final_complete.srcs\sources_1\new\FROG_LOGIC.V:]
WARNING: [filemgmt 56-199] Attempt to get parsing info during refresh. "On-the-fly" syntax checking information may be incorrect. [C:\Users\user\Desktop\final_complete\final_complete.srcs\sources_1\new\pixel_generate_display.v:]
WARNING: [filemgmt 56-199] Attempt to get parsing info during refresh. "On-the-fly" syntax checking information may be incorrect. [C:\Users\user\Desktop\final_complete\final_complete.srcs\sources_1\new\FROG_LOGIC.V:]
WARNING: [filemgmt 56-199] Attempt to get parsing info during refresh. "On-the-fly" syntax checking information may be incorrect. [C:\Users\user\Desktop\final_complete\final_complete.srcs\sources_1\new\FROG_LOGIC.V:]
WARNING: [filemgmt 56-199] Attempt to get parsing info during refresh. "On-the-fly" syntax checking information may be incorrect. [C:\Users\user\Desktop\final_complete\final_complete.srcs\sources_1\new\vga_controller_brain.v:]
WARNING: [filemgmt 56-199] Attempt to get parsing info during refresh. "On-the-fly" syntax checking information may be incorrect. [C:\Users\user\Desktop\final_complete\final_complete.srcs\sources_1\new\FROG_LOGIC.V:]
WARNING: [filemgmt 56-199] Attempt to get parsing info during refresh. "On-the-fly" syntax checking information may be incorrect. [C:\Users\user\Desktop\final_complete\final_complete.srcs\sources_1\new\pixel_generate_display.v:]
WARNING: [filemgmt 56-199] Attempt to get parsing info during refresh. "On-the-fly" syntax checking information may be incorrect. [C:\Users\user\Desktop\final_complete\final_complete.srcs\sources_1\new\vga_controller_brain.v:]
WARNING: [filemgmt 56-199] Attempt to get parsing info during refresh. "On-the-fly" syntax checking information may be incorrect. [C:\Users\user\Desktop\final_complete\final_complete.srcs\sources_1\new\vga_controller_brain.v:]
ERROR: [Common 17-180] Spawn failed: No error
launch_runs impl_1 -jobs 6
[Wed Jun  4 12:40:30 2025] Launched impl_1...
Run output will be captured here: C:/Users/user/Desktop/final_complete/final_complete.runs/impl_1/runme.log
launch_runs impl_1 -to_step write_bitstream -jobs 6
[Wed Jun  4 12:41:21 2025] Launched impl_1...
Run output will be captured here: C:/Users/user/Desktop/final_complete/final_complete.runs/impl_1/runme.log
set_property PROBES.FILE {} [get_hw_devices xc7a35t_0]
set_property FULL_PROBES.FILE {} [get_hw_devices xc7a35t_0]
set_property PROGRAM.FILE {C:/Users/user/Desktop/final_complete/final_complete.runs/impl_1/VGAController.bit} [get_hw_devices xc7a35t_0]
program_hw_devices [get_hw_devices xc7a35t_0]
INFO: [Labtools 27-3164] End of startup status: HIGH
refresh_hw_device [lindex [get_hw_devices xc7a35t_0] 0]
INFO: [Labtools 27-1434] Device xc7a35t (JTAG device index = 0) is programmed with a design that has no supported debug core(s) in it.
WARNING: [filemgmt 56-199] Attempt to get parsing info during refresh. "On-the-fly" syntax checking information may be incorrect. [C:\Users\user\Desktop\final_complete\final_complete.srcs\sources_1\new\vga_controller_brain.v:]
WARNING: [filemgmt 56-199] Attempt to get parsing info during refresh. "On-the-fly" syntax checking information may be incorrect. [C:\Users\user\Desktop\final_complete\final_complete.srcs\sources_1\new\FROG_LOGIC.V:]
WARNING: [filemgmt 56-199] Attempt to get parsing info during refresh. "On-the-fly" syntax checking information may be incorrect. [C:\Users\user\Desktop\final_complete\final_complete.srcs\sources_1\new\pixel_generate_display.v:]
WARNING: [filemgmt 56-199] Attempt to get parsing info during refresh. "On-the-fly" syntax checking information may be incorrect. [C:\Users\user\Desktop\final_complete\final_complete.srcs\sources_1\new\FROG_LOGIC.V:]
WARNING: [filemgmt 56-199] Attempt to get parsing info during refresh. "On-the-fly" syntax checking information may be incorrect. [C:\Users\user\Desktop\final_complete\final_complete.srcs\sources_1\new\FROG_LOGIC.V:]
WARNING: [filemgmt 56-199] Attempt to get parsing info during refresh. "On-the-fly" syntax checking information may be incorrect. [C:\Users\user\Desktop\final_complete\final_complete.srcs\sources_1\new\vga_controller_brain.v:]
WARNING: [filemgmt 56-199] Attempt to get parsing info during refresh. "On-the-fly" syntax checking information may be incorrect. [C:\Users\user\Desktop\final_complete\final_complete.srcs\sources_1\new\FROG_LOGIC.V:]
WARNING: [filemgmt 56-199] Attempt to get parsing info during refresh. "On-the-fly" syntax checking information may be incorrect. [C:\Users\user\Desktop\final_complete\final_complete.srcs\sources_1\new\pixel_generate_display.v:]
WARNING: [filemgmt 56-199] Attempt to get parsing info during refresh. "On-the-fly" syntax checking information may be incorrect. [C:\Users\user\Desktop\final_complete\final_complete.srcs\sources_1\new\vga_controller_brain.v:]
WARNING: [filemgmt 56-199] Attempt to get parsing info during refresh. "On-the-fly" syntax checking information may be incorrect. [C:\Users\user\Desktop\final_complete\final_complete.srcs\sources_1\new\vga_controller_brain.v:]
WARNING: [filemgmt 56-199] Attempt to get parsing info during refresh. "On-the-fly" syntax checking information may be incorrect. [C:\Users\user\Desktop\final_complete\final_complete.srcs\sources_1\new\vga_controller_brain.v:]
WARNING: [filemgmt 56-199] Attempt to get parsing info during refresh. "On-the-fly" syntax checking information may be incorrect. [C:\Users\user\Desktop\final_complete\final_complete.srcs\sources_1\new\FROG_LOGIC.V:]
WARNING: [filemgmt 56-199] Attempt to get parsing info during refresh. "On-the-fly" syntax checking information may be incorrect. [C:\Users\user\Desktop\final_complete\final_complete.srcs\sources_1\new\pixel_generate_display.v:]
WARNING: [filemgmt 56-199] Attempt to get parsing info during refresh. "On-the-fly" syntax checking information may be incorrect. [C:\Users\user\Desktop\final_complete\final_complete.srcs\sources_1\new\FROG_LOGIC.V:]
WARNING: [filemgmt 56-199] Attempt to get parsing info during refresh. "On-the-fly" syntax checking information may be incorrect. [C:\Users\user\Desktop\final_complete\final_complete.srcs\sources_1\new\FROG_LOGIC.V:]
WARNING: [filemgmt 56-199] Attempt to get parsing info during refresh. "On-the-fly" syntax checking information may be incorrect. [C:\Users\user\Desktop\final_complete\final_complete.srcs\sources_1\new\vga_controller_brain.v:]
WARNING: [filemgmt 56-199] Attempt to get parsing info during refresh. "On-the-fly" syntax checking information may be incorrect. [C:\Users\user\Desktop\final_complete\final_complete.srcs\sources_1\new\FROG_LOGIC.V:]
WARNING: [filemgmt 56-199] Attempt to get parsing info during refresh. "On-the-fly" syntax checking information may be incorrect. [C:\Users\user\Desktop\final_complete\final_complete.srcs\sources_1\new\pixel_generate_display.v:]
WARNING: [filemgmt 56-199] Attempt to get parsing info during refresh. "On-the-fly" syntax checking information may be incorrect. [C:\Users\user\Desktop\final_complete\final_complete.srcs\sources_1\new\vga_controller_brain.v:]
WARNING: [filemgmt 56-199] Attempt to get parsing info during refresh. "On-the-fly" syntax checking information may be incorrect. [C:\Users\user\Desktop\final_complete\final_complete.srcs\sources_1\new\vga_controller_brain.v:]
reset_run synth_1
INFO: [Project 1-1161] Replacing file C:/Users/user/Desktop/final_complete/final_complete.srcs/utils_1/imports/synth_1/VGAController.dcp with file C:/Users/user/Desktop/final_complete/final_complete.runs/synth_1/VGAController.dcp
launch_runs synth_1 -jobs 6
[Wed Jun  4 12:45:16 2025] Launched synth_1...
Run output will be captured here: C:/Users/user/Desktop/final_complete/final_complete.runs/synth_1/runme.log
WARNING: [filemgmt 56-199] Attempt to get parsing info during refresh. "On-the-fly" syntax checking information may be incorrect. [C:\Users\user\Desktop\final_complete\final_complete.srcs\sources_1\new\vga_controller_brain.v:]
WARNING: [filemgmt 56-199] Attempt to get parsing info during refresh. "On-the-fly" syntax checking information may be incorrect. [C:\Users\user\Desktop\final_complete\final_complete.srcs\sources_1\new\FROG_LOGIC.V:]
WARNING: [filemgmt 56-199] Attempt to get parsing info during refresh. "On-the-fly" syntax checking information may be incorrect. [C:\Users\user\Desktop\final_complete\final_complete.srcs\sources_1\new\pixel_generate_display.v:]
WARNING: [filemgmt 56-199] Attempt to get parsing info during refresh. "On-the-fly" syntax checking information may be incorrect. [C:\Users\user\Desktop\final_complete\final_complete.srcs\sources_1\new\FROG_LOGIC.V:]
WARNING: [filemgmt 56-199] Attempt to get parsing info during refresh. "On-the-fly" syntax checking information may be incorrect. [C:\Users\user\Desktop\final_complete\final_complete.srcs\sources_1\new\FROG_LOGIC.V:]
WARNING: [filemgmt 56-199] Attempt to get parsing info during refresh. "On-the-fly" syntax checking information may be incorrect. [C:\Users\user\Desktop\final_complete\final_complete.srcs\sources_1\new\vga_controller_brain.v:]
WARNING: [filemgmt 56-199] Attempt to get parsing info during refresh. "On-the-fly" syntax checking information may be incorrect. [C:\Users\user\Desktop\final_complete\final_complete.srcs\sources_1\new\FROG_LOGIC.V:]
WARNING: [filemgmt 56-199] Attempt to get parsing info during refresh. "On-the-fly" syntax checking information may be incorrect. [C:\Users\user\Desktop\final_complete\final_complete.srcs\sources_1\new\pixel_generate_display.v:]
WARNING: [filemgmt 56-199] Attempt to get parsing info during refresh. "On-the-fly" syntax checking information may be incorrect. [C:\Users\user\Desktop\final_complete\final_complete.srcs\sources_1\new\vga_controller_brain.v:]
WARNING: [filemgmt 56-199] Attempt to get parsing info during refresh. "On-the-fly" syntax checking information may be incorrect. [C:\Users\user\Desktop\final_complete\final_complete.srcs\sources_1\new\vga_controller_brain.v:]
launch_runs impl_1 -jobs 6
[Wed Jun  4 12:46:38 2025] Launched impl_1...
Run output will be captured here: C:/Users/user/Desktop/final_complete/final_complete.runs/impl_1/runme.log
WARNING: [filemgmt 56-199] Attempt to get parsing info during refresh. "On-the-fly" syntax checking information may be incorrect. [C:\Users\user\Desktop\final_complete\final_complete.srcs\sources_1\new\vga_controller_brain.v:]
WARNING: [filemgmt 56-199] Attempt to get parsing info during refresh. "On-the-fly" syntax checking information may be incorrect. [C:\Users\user\Desktop\final_complete\final_complete.srcs\sources_1\new\FROG_LOGIC.V:]
WARNING: [filemgmt 56-199] Attempt to get parsing info during refresh. "On-the-fly" syntax checking information may be incorrect. [C:\Users\user\Desktop\final_complete\final_complete.srcs\sources_1\new\pixel_generate_display.v:]
WARNING: [filemgmt 56-199] Attempt to get parsing info during refresh. "On-the-fly" syntax checking information may be incorrect. [C:\Users\user\Desktop\final_complete\final_complete.srcs\sources_1\new\FROG_LOGIC.V:]
WARNING: [filemgmt 56-199] Attempt to get parsing info during refresh. "On-the-fly" syntax checking information may be incorrect. [C:\Users\user\Desktop\final_complete\final_complete.srcs\sources_1\new\FROG_LOGIC.V:]
reset_run synth_1
INFO: [Project 1-1161] Replacing file C:/Users/user/Desktop/final_complete/final_complete.srcs/utils_1/imports/synth_1/VGAController.dcp with file C:/Users/user/Desktop/final_complete/final_complete.runs/synth_1/VGAController.dcp
launch_runs synth_1 -jobs 6
[Wed Jun  4 12:50:41 2025] Launched synth_1...
Run output will be captured here: C:/Users/user/Desktop/final_complete/final_complete.runs/synth_1/runme.log
WARNING: [filemgmt 56-199] Attempt to get parsing info during refresh. "On-the-fly" syntax checking information may be incorrect. [C:\Users\user\Desktop\final_complete\final_complete.srcs\sources_1\new\vga_controller_brain.v:]
WARNING: [filemgmt 56-199] Attempt to get parsing info during refresh. "On-the-fly" syntax checking information may be incorrect. [C:\Users\user\Desktop\final_complete\final_complete.srcs\sources_1\new\FROG_LOGIC.V:]
WARNING: [filemgmt 56-199] Attempt to get parsing info during refresh. "On-the-fly" syntax checking information may be incorrect. [C:\Users\user\Desktop\final_complete\final_complete.srcs\sources_1\new\pixel_generate_display.v:]
WARNING: [filemgmt 56-199] Attempt to get parsing info during refresh. "On-the-fly" syntax checking information may be incorrect. [C:\Users\user\Desktop\final_complete\final_complete.srcs\sources_1\new\FROG_LOGIC.V:]
WARNING: [filemgmt 56-199] Attempt to get parsing info during refresh. "On-the-fly" syntax checking information may be incorrect. [C:\Users\user\Desktop\final_complete\final_complete.srcs\sources_1\new\FROG_LOGIC.V:]
WARNING: [filemgmt 56-199] Attempt to get parsing info during refresh. "On-the-fly" syntax checking information may be incorrect. [C:\Users\user\Desktop\final_complete\final_complete.srcs\sources_1\new\vga_controller_brain.v:]
WARNING: [filemgmt 56-199] Attempt to get parsing info during refresh. "On-the-fly" syntax checking information may be incorrect. [C:\Users\user\Desktop\final_complete\final_complete.srcs\sources_1\new\FROG_LOGIC.V:]
WARNING: [filemgmt 56-199] Attempt to get parsing info during refresh. "On-the-fly" syntax checking information may be incorrect. [C:\Users\user\Desktop\final_complete\final_complete.srcs\sources_1\new\pixel_generate_display.v:]
WARNING: [filemgmt 56-199] Attempt to get parsing info during refresh. "On-the-fly" syntax checking information may be incorrect. [C:\Users\user\Desktop\final_complete\final_complete.srcs\sources_1\new\vga_controller_brain.v:]
WARNING: [filemgmt 56-199] Attempt to get parsing info during refresh. "On-the-fly" syntax checking information may be incorrect. [C:\Users\user\Desktop\final_complete\final_complete.srcs\sources_1\new\vga_controller_brain.v:]
launch_runs impl_1 -jobs 6
[Wed Jun  4 12:51:25 2025] Launched impl_1...
Run output will be captured here: C:/Users/user/Desktop/final_complete/final_complete.runs/impl_1/runme.log
launch_runs impl_1 -to_step write_bitstream -jobs 6
[Wed Jun  4 12:52:15 2025] Launched impl_1...
Run output will be captured here: C:/Users/user/Desktop/final_complete/final_complete.runs/impl_1/runme.log
set_property PROBES.FILE {} [get_hw_devices xc7a35t_0]
set_property FULL_PROBES.FILE {} [get_hw_devices xc7a35t_0]
set_property PROGRAM.FILE {C:/Users/user/Desktop/final_complete/final_complete.runs/impl_1/VGAController.bit} [get_hw_devices xc7a35t_0]
program_hw_devices [get_hw_devices xc7a35t_0]
INFO: [Labtools 27-3164] End of startup status: HIGH
refresh_hw_device [lindex [get_hw_devices xc7a35t_0] 0]
INFO: [Labtools 27-1434] Device xc7a35t (JTAG device index = 0) is programmed with a design that has no supported debug core(s) in it.
WARNING: [filemgmt 56-199] Attempt to get parsing info during refresh. "On-the-fly" syntax checking information may be incorrect. [C:\Users\user\Desktop\final_complete\final_complete.srcs\sources_1\new\vga_controller_brain.v:]
WARNING: [filemgmt 56-199] Attempt to get parsing info during refresh. "On-the-fly" syntax checking information may be incorrect. [C:\Users\user\Desktop\final_complete\final_complete.srcs\sources_1\new\FROG_LOGIC.V:]
WARNING: [filemgmt 56-199] Attempt to get parsing info during refresh. "On-the-fly" syntax checking information may be incorrect. [C:\Users\user\Desktop\final_complete\final_complete.srcs\sources_1\new\pixel_generate_display.v:]
WARNING: [filemgmt 56-199] Attempt to get parsing info during refresh. "On-the-fly" syntax checking information may be incorrect. [C:\Users\user\Desktop\final_complete\final_complete.srcs\sources_1\new\FROG_LOGIC.V:]
WARNING: [filemgmt 56-199] Attempt to get parsing info during refresh. "On-the-fly" syntax checking information may be incorrect. [C:\Users\user\Desktop\final_complete\final_complete.srcs\sources_1\new\FROG_LOGIC.V:]
WARNING: [filemgmt 56-199] Attempt to get parsing info during refresh. "On-the-fly" syntax checking information may be incorrect. [C:\Users\user\Desktop\final_complete\final_complete.srcs\sources_1\new\vga_controller_brain.v:]
WARNING: [filemgmt 56-199] Attempt to get parsing info during refresh. "On-the-fly" syntax checking information may be incorrect. [C:\Users\user\Desktop\final_complete\final_complete.srcs\sources_1\new\FROG_LOGIC.V:]
WARNING: [filemgmt 56-199] Attempt to get parsing info during refresh. "On-the-fly" syntax checking information may be incorrect. [C:\Users\user\Desktop\final_complete\final_complete.srcs\sources_1\new\pixel_generate_display.v:]
WARNING: [filemgmt 56-199] Attempt to get parsing info during refresh. "On-the-fly" syntax checking information may be incorrect. [C:\Users\user\Desktop\final_complete\final_complete.srcs\sources_1\new\vga_controller_brain.v:]
WARNING: [filemgmt 56-199] Attempt to get parsing info during refresh. "On-the-fly" syntax checking information may be incorrect. [C:\Users\user\Desktop\final_complete\final_complete.srcs\sources_1\new\vga_controller_brain.v:]
WARNING: [filemgmt 56-199] Attempt to get parsing info during refresh. "On-the-fly" syntax checking information may be incorrect. [C:\Users\user\Desktop\final_complete\final_complete.srcs\sources_1\new\vga_controller_brain.v:]
WARNING: [filemgmt 56-199] Attempt to get parsing info during refresh. "On-the-fly" syntax checking information may be incorrect. [C:\Users\user\Desktop\final_complete\final_complete.srcs\sources_1\new\FROG_LOGIC.V:]
WARNING: [filemgmt 56-199] Attempt to get parsing info during refresh. "On-the-fly" syntax checking information may be incorrect. [C:\Users\user\Desktop\final_complete\final_complete.srcs\sources_1\new\pixel_generate_display.v:]
WARNING: [filemgmt 56-199] Attempt to get parsing info during refresh. "On-the-fly" syntax checking information may be incorrect. [C:\Users\user\Desktop\final_complete\final_complete.srcs\sources_1\new\FROG_LOGIC.V:]
WARNING: [filemgmt 56-199] Attempt to get parsing info during refresh. "On-the-fly" syntax checking information may be incorrect. [C:\Users\user\Desktop\final_complete\final_complete.srcs\sources_1\new\FROG_LOGIC.V:]
WARNING: [filemgmt 56-199] Attempt to get parsing info during refresh. "On-the-fly" syntax checking information may be incorrect. [C:\Users\user\Desktop\final_complete\final_complete.srcs\sources_1\new\vga_controller_brain.v:]
WARNING: [filemgmt 56-199] Attempt to get parsing info during refresh. "On-the-fly" syntax checking information may be incorrect. [C:\Users\user\Desktop\final_complete\final_complete.srcs\sources_1\new\vga_controller_brain.v:]
WARNING: [filemgmt 56-199] Attempt to get parsing info during refresh. "On-the-fly" syntax checking information may be incorrect. [C:\Users\user\Desktop\final_complete\final_complete.srcs\sources_1\new\FROG_LOGIC.V:]
WARNING: [filemgmt 56-199] Attempt to get parsing info during refresh. "On-the-fly" syntax checking information may be incorrect. [C:\Users\user\Desktop\final_complete\final_complete.srcs\sources_1\new\pixel_generate_display.v:]
WARNING: [filemgmt 56-199] Attempt to get parsing info during refresh. "On-the-fly" syntax checking information may be incorrect. [C:\Users\user\Desktop\final_complete\final_complete.srcs\sources_1\new\FROG_LOGIC.V:]
WARNING: [filemgmt 56-199] Attempt to get parsing info during refresh. "On-the-fly" syntax checking information may be incorrect. [C:\Users\user\Desktop\final_complete\final_complete.srcs\sources_1\new\FROG_LOGIC.V:]
WARNING: [filemgmt 56-199] Attempt to get parsing info during refresh. "On-the-fly" syntax checking information may be incorrect. [C:\Users\user\Desktop\final_complete\final_complete.srcs\sources_1\new\vga_controller_brain.v:]
WARNING: [filemgmt 56-199] Attempt to get parsing info during refresh. "On-the-fly" syntax checking information may be incorrect. [C:\Users\user\Desktop\final_complete\final_complete.srcs\sources_1\new\FROG_LOGIC.V:]
WARNING: [filemgmt 56-199] Attempt to get parsing info during refresh. "On-the-fly" syntax checking information may be incorrect. [C:\Users\user\Desktop\final_complete\final_complete.srcs\sources_1\new\pixel_generate_display.v:]
WARNING: [filemgmt 56-199] Attempt to get parsing info during refresh. "On-the-fly" syntax checking information may be incorrect. [C:\Users\user\Desktop\final_complete\final_complete.srcs\sources_1\new\vga_controller_brain.v:]
WARNING: [filemgmt 56-199] Attempt to get parsing info during refresh. "On-the-fly" syntax checking information may be incorrect. [C:\Users\user\Desktop\final_complete\final_complete.srcs\sources_1\new\vga_controller_brain.v:]
ERROR: [Common 17-180] Spawn failed: No error
WARNING: [filemgmt 56-199] Attempt to get parsing info during refresh. "On-the-fly" syntax checking information may be incorrect. [C:\Users\user\Desktop\final_complete\final_complete.srcs\sources_1\new\vga_controller_brain.v:]
WARNING: [filemgmt 56-199] Attempt to get parsing info during refresh. "On-the-fly" syntax checking information may be incorrect. [C:\Users\user\Desktop\final_complete\final_complete.srcs\sources_1\new\FROG_LOGIC.V:]
WARNING: [filemgmt 56-199] Attempt to get parsing info during refresh. "On-the-fly" syntax checking information may be incorrect. [C:\Users\user\Desktop\final_complete\final_complete.srcs\sources_1\new\pixel_generate_display.v:]
WARNING: [filemgmt 56-199] Attempt to get parsing info during refresh. "On-the-fly" syntax checking information may be incorrect. [C:\Users\user\Desktop\final_complete\final_complete.srcs\sources_1\new\FROG_LOGIC.V:]
WARNING: [filemgmt 56-199] Attempt to get parsing info during refresh. "On-the-fly" syntax checking information may be incorrect. [C:\Users\user\Desktop\final_complete\final_complete.srcs\sources_1\new\FROG_LOGIC.V:]
WARNING: [filemgmt 56-199] Attempt to get parsing info during refresh. "On-the-fly" syntax checking information may be incorrect. [C:\Users\user\Desktop\final_complete\final_complete.srcs\sources_1\new\vga_controller_brain.v:]
WARNING: [filemgmt 56-199] Attempt to get parsing info during refresh. "On-the-fly" syntax checking information may be incorrect. [C:\Users\user\Desktop\final_complete\final_complete.srcs\sources_1\new\FROG_LOGIC.V:]
WARNING: [filemgmt 56-199] Attempt to get parsing info during refresh. "On-the-fly" syntax checking information may be incorrect. [C:\Users\user\Desktop\final_complete\final_complete.srcs\sources_1\new\pixel_generate_display.v:]
WARNING: [filemgmt 56-199] Attempt to get parsing info during refresh. "On-the-fly" syntax checking information may be incorrect. [C:\Users\user\Desktop\final_complete\final_complete.srcs\sources_1\new\vga_controller_brain.v:]
WARNING: [filemgmt 56-199] Attempt to get parsing info during refresh. "On-the-fly" syntax checking information may be incorrect. [C:\Users\user\Desktop\final_complete\final_complete.srcs\sources_1\new\vga_controller_brain.v:]
WARNING: [filemgmt 56-199] Attempt to get parsing info during refresh. "On-the-fly" syntax checking information may be incorrect. [C:\Users\user\Desktop\final_complete\final_complete.srcs\sources_1\new\vga_controller_brain.v:]
WARNING: [filemgmt 56-199] Attempt to get parsing info during refresh. "On-the-fly" syntax checking information may be incorrect. [C:\Users\user\Desktop\final_complete\final_complete.srcs\sources_1\new\FROG_LOGIC.V:]
WARNING: [filemgmt 56-199] Attempt to get parsing info during refresh. "On-the-fly" syntax checking information may be incorrect. [C:\Users\user\Desktop\final_complete\final_complete.srcs\sources_1\new\pixel_generate_display.v:]
WARNING: [filemgmt 56-199] Attempt to get parsing info during refresh. "On-the-fly" syntax checking information may be incorrect. [C:\Users\user\Desktop\final_complete\final_complete.srcs\sources_1\new\FROG_LOGIC.V:]
WARNING: [filemgmt 56-199] Attempt to get parsing info during refresh. "On-the-fly" syntax checking information may be incorrect. [C:\Users\user\Desktop\final_complete\final_complete.srcs\sources_1\new\FROG_LOGIC.V:]
WARNING: [filemgmt 56-199] Attempt to get parsing info during refresh. "On-the-fly" syntax checking information may be incorrect. [C:\Users\user\Desktop\final_complete\final_complete.srcs\sources_1\new\vga_controller_brain.v:]
WARNING: [filemgmt 56-199] Attempt to get parsing info during refresh. "On-the-fly" syntax checking information may be incorrect. [C:\Users\user\Desktop\final_complete\final_complete.srcs\sources_1\new\FROG_LOGIC.V:]
WARNING: [filemgmt 56-199] Attempt to get parsing info during refresh. "On-the-fly" syntax checking information may be incorrect. [C:\Users\user\Desktop\final_complete\final_complete.srcs\sources_1\new\pixel_generate_display.v:]
WARNING: [filemgmt 56-199] Attempt to get parsing info during refresh. "On-the-fly" syntax checking information may be incorrect. [C:\Users\user\Desktop\final_complete\final_complete.srcs\sources_1\new\vga_controller_brain.v:]
WARNING: [filemgmt 56-199] Attempt to get parsing info during refresh. "On-the-fly" syntax checking information may be incorrect. [C:\Users\user\Desktop\final_complete\final_complete.srcs\sources_1\new\vga_controller_brain.v:]
WARNING: [filemgmt 56-199] Attempt to get parsing info during refresh. "On-the-fly" syntax checking information may be incorrect. [C:\Users\user\Desktop\final_complete\final_complete.srcs\sources_1\new\vga_controller_brain.v:]
WARNING: [filemgmt 56-199] Attempt to get parsing info during refresh. "On-the-fly" syntax checking information may be incorrect. [C:\Users\user\Desktop\final_complete\final_complete.srcs\sources_1\new\FROG_LOGIC.V:]
WARNING: [filemgmt 56-199] Attempt to get parsing info during refresh. "On-the-fly" syntax checking information may be incorrect. [C:\Users\user\Desktop\final_complete\final_complete.srcs\sources_1\new\pixel_generate_display.v:]
WARNING: [filemgmt 56-199] Attempt to get parsing info during refresh. "On-the-fly" syntax checking information may be incorrect. [C:\Users\user\Desktop\final_complete\final_complete.srcs\sources_1\new\FROG_LOGIC.V:]
WARNING: [filemgmt 56-199] Attempt to get parsing info during refresh. "On-the-fly" syntax checking information may be incorrect. [C:\Users\user\Desktop\final_complete\final_complete.srcs\sources_1\new\FROG_LOGIC.V:]
WARNING: [filemgmt 56-199] Attempt to get parsing info during refresh. "On-the-fly" syntax checking information may be incorrect. [C:\Users\user\Desktop\final_complete\final_complete.srcs\sources_1\new\vga_controller_brain.v:]
WARNING: [filemgmt 56-199] Attempt to get parsing info during refresh. "On-the-fly" syntax checking information may be incorrect. [C:\Users\user\Desktop\final_complete\final_complete.srcs\sources_1\new\FROG_LOGIC.V:]
WARNING: [filemgmt 56-199] Attempt to get parsing info during refresh. "On-the-fly" syntax checking information may be incorrect. [C:\Users\user\Desktop\final_complete\final_complete.srcs\sources_1\new\pixel_generate_display.v:]
WARNING: [filemgmt 56-199] Attempt to get parsing info during refresh. "On-the-fly" syntax checking information may be incorrect. [C:\Users\user\Desktop\final_complete\final_complete.srcs\sources_1\new\vga_controller_brain.v:]
WARNING: [filemgmt 56-199] Attempt to get parsing info during refresh. "On-the-fly" syntax checking information may be incorrect. [C:\Users\user\Desktop\final_complete\final_complete.srcs\sources_1\new\vga_controller_brain.v:]
WARNING: [filemgmt 56-199] Attempt to get parsing info during refresh. "On-the-fly" syntax checking information may be incorrect. [C:\Users\user\Desktop\final_complete\final_complete.srcs\sources_1\new\vga_controller_brain.v:]
WARNING: [filemgmt 56-199] Attempt to get parsing info during refresh. "On-the-fly" syntax checking information may be incorrect. [C:\Users\user\Desktop\final_complete\final_complete.srcs\sources_1\new\FROG_LOGIC.V:]
WARNING: [filemgmt 56-199] Attempt to get parsing info during refresh. "On-the-fly" syntax checking information may be incorrect. [C:\Users\user\Desktop\final_complete\final_complete.srcs\sources_1\new\pixel_generate_display.v:]
WARNING: [filemgmt 56-199] Attempt to get parsing info during refresh. "On-the-fly" syntax checking information may be incorrect. [C:\Users\user\Desktop\final_complete\final_complete.srcs\sources_1\new\FROG_LOGIC.V:]
WARNING: [filemgmt 56-199] Attempt to get parsing info during refresh. "On-the-fly" syntax checking information may be incorrect. [C:\Users\user\Desktop\final_complete\final_complete.srcs\sources_1\new\FROG_LOGIC.V:]
WARNING: [filemgmt 56-199] Attempt to get parsing info during refresh. "On-the-fly" syntax checking information may be incorrect. [C:\Users\user\Desktop\final_complete\final_complete.srcs\sources_1\new\vga_controller_brain.v:]
WARNING: [filemgmt 56-199] Attempt to get parsing info during refresh. "On-the-fly" syntax checking information may be incorrect. [C:\Users\user\Desktop\final_complete\final_complete.srcs\sources_1\new\FROG_LOGIC.V:]
WARNING: [filemgmt 56-199] Attempt to get parsing info during refresh. "On-the-fly" syntax checking information may be incorrect. [C:\Users\user\Desktop\final_complete\final_complete.srcs\sources_1\new\pixel_generate_display.v:]
WARNING: [filemgmt 56-199] Attempt to get parsing info during refresh. "On-the-fly" syntax checking information may be incorrect. [C:\Users\user\Desktop\final_complete\final_complete.srcs\sources_1\new\vga_controller_brain.v:]
WARNING: [filemgmt 56-199] Attempt to get parsing info during refresh. "On-the-fly" syntax checking information may be incorrect. [C:\Users\user\Desktop\final_complete\final_complete.srcs\sources_1\new\vga_controller_brain.v:]
reset_run synth_1
INFO: [Project 1-1161] Replacing file C:/Users/user/Desktop/final_complete/final_complete.srcs/utils_1/imports/synth_1/VGAController.dcp with file C:/Users/user/Desktop/final_complete/final_complete.runs/synth_1/VGAController.dcp
launch_runs synth_1 -jobs 6
WARNING: [filemgmt 56-199] Attempt to get parsing info during refresh. "On-the-fly" syntax checking information may be incorrect. [C:\Users\user\Desktop\final_complete\final_complete.srcs\sources_1\new\vga_controller_brain.v:]
WARNING: [filemgmt 56-199] Attempt to get parsing info during refresh. "On-the-fly" syntax checking information may be incorrect. [C:\Users\user\Desktop\final_complete\final_complete.srcs\sources_1\new\FROG_LOGIC.V:]
WARNING: [filemgmt 56-199] Attempt to get parsing info during refresh. "On-the-fly" syntax checking information may be incorrect. [C:\Users\user\Desktop\final_complete\final_complete.srcs\sources_1\new\pixel_generate_display.v:]
WARNING: [filemgmt 56-199] Attempt to get parsing info during refresh. "On-the-fly" syntax checking information may be incorrect. [C:\Users\user\Desktop\final_complete\final_complete.srcs\sources_1\new\pixel_generate_display.v:]
WARNING: [filemgmt 56-199] Attempt to get parsing info during refresh. "On-the-fly" syntax checking information may be incorrect. [C:\Users\user\Desktop\final_complete\final_complete.srcs\sources_1\new\pixel_generate_display.v:]
[Wed Jun  4 13:11:41 2025] Launched synth_1...
Run output will be captured here: C:/Users/user/Desktop/final_complete/final_complete.runs/synth_1/runme.log
WARNING: [filemgmt 56-199] Attempt to get parsing info during refresh. "On-the-fly" syntax checking information may be incorrect. [C:\Users\user\Desktop\final_complete\final_complete.srcs\sources_1\new\vga_controller_brain.v:]
WARNING: [filemgmt 56-199] Attempt to get parsing info during refresh. "On-the-fly" syntax checking information may be incorrect. [C:\Users\user\Desktop\final_complete\final_complete.srcs\sources_1\new\FROG_LOGIC.V:]
WARNING: [filemgmt 56-199] Attempt to get parsing info during refresh. "On-the-fly" syntax checking information may be incorrect. [C:\Users\user\Desktop\final_complete\final_complete.srcs\sources_1\new\pixel_generate_display.v:]
WARNING: [filemgmt 56-199] Attempt to get parsing info during refresh. "On-the-fly" syntax checking information may be incorrect. [C:\Users\user\Desktop\final_complete\final_complete.srcs\sources_1\new\vga_controller_brain.v:]
WARNING: [filemgmt 56-199] Attempt to get parsing info during refresh. "On-the-fly" syntax checking information may be incorrect. [C:\Users\user\Desktop\final_complete\final_complete.srcs\sources_1\new\vga_controller_brain.v:]
close_hw_manager
WARNING: [filemgmt 56-199] Attempt to get parsing info during refresh. "On-the-fly" syntax checking information may be incorrect. [C:\Users\user\Desktop\final_complete\final_complete.srcs\sources_1\new\vga_controller_brain.v:]
WARNING: [filemgmt 56-199] Attempt to get parsing info during refresh. "On-the-fly" syntax checking information may be incorrect. [C:\Users\user\Desktop\final_complete\final_complete.srcs\sources_1\new\FROG_LOGIC.V:]
WARNING: [filemgmt 56-199] Attempt to get parsing info during refresh. "On-the-fly" syntax checking information may be incorrect. [C:\Users\user\Desktop\final_complete\final_complete.srcs\sources_1\new\pixel_generate_display.v:]
WARNING: [filemgmt 56-199] Attempt to get parsing info during refresh. "On-the-fly" syntax checking information may be incorrect. [C:\Users\user\Desktop\final_complete\final_complete.srcs\sources_1\new\FROG_LOGIC.V:]
WARNING: [filemgmt 56-199] Attempt to get parsing info during refresh. "On-the-fly" syntax checking information may be incorrect. [C:\Users\user\Desktop\final_complete\final_complete.srcs\sources_1\new\FROG_LOGIC.V:]
WARNING: [filemgmt 56-199] Attempt to get parsing info during refresh. "On-the-fly" syntax checking information may be incorrect. [C:\Users\user\Desktop\final_complete\final_complete.srcs\sources_1\new\vga_controller_brain.v:]
WARNING: [filemgmt 56-199] Attempt to get parsing info during refresh. "On-the-fly" syntax checking information may be incorrect. [C:\Users\user\Desktop\final_complete\final_complete.srcs\sources_1\new\FROG_LOGIC.V:]
WARNING: [filemgmt 56-199] Attempt to get parsing info during refresh. "On-the-fly" syntax checking information may be incorrect. [C:\Users\user\Desktop\final_complete\final_complete.srcs\sources_1\new\pixel_generate_display.v:]
WARNING: [filemgmt 56-199] Attempt to get parsing info during refresh. "On-the-fly" syntax checking information may be incorrect. [C:\Users\user\Desktop\final_complete\final_complete.srcs\sources_1\new\vga_controller_brain.v:]
WARNING: [filemgmt 56-199] Attempt to get parsing info during refresh. "On-the-fly" syntax checking information may be incorrect. [C:\Users\user\Desktop\final_complete\final_complete.srcs\sources_1\new\vga_controller_brain.v:]
ERROR: [Common 17-180] Spawn failed: No error
WARNING: [filemgmt 56-199] Attempt to get parsing info during refresh. "On-the-fly" syntax checking information may be incorrect. [C:\Users\user\Desktop\final_complete\final_complete.srcs\sources_1\new\vga_controller_brain.v:]
WARNING: [filemgmt 56-199] Attempt to get parsing info during refresh. "On-the-fly" syntax checking information may be incorrect. [C:\Users\user\Desktop\final_complete\final_complete.srcs\sources_1\new\FROG_LOGIC.V:]
WARNING: [filemgmt 56-199] Attempt to get parsing info during refresh. "On-the-fly" syntax checking information may be incorrect. [C:\Users\user\Desktop\final_complete\final_complete.srcs\sources_1\new\pixel_generate_display.v:]
WARNING: [filemgmt 56-199] Attempt to get parsing info during refresh. "On-the-fly" syntax checking information may be incorrect. [C:\Users\user\Desktop\final_complete\final_complete.srcs\sources_1\new\pixel_generate_display.v:]
WARNING: [filemgmt 56-199] Attempt to get parsing info during refresh. "On-the-fly" syntax checking information may be incorrect. [C:\Users\user\Desktop\final_complete\final_complete.srcs\sources_1\new\pixel_generate_display.v:]
WARNING: [filemgmt 56-199] Attempt to get parsing info during refresh. "On-the-fly" syntax checking information may be incorrect. [C:\Users\user\Desktop\final_complete\final_complete.srcs\sources_1\new\vga_controller_brain.v:]
WARNING: [filemgmt 56-199] Attempt to get parsing info during refresh. "On-the-fly" syntax checking information may be incorrect. [C:\Users\user\Desktop\final_complete\final_complete.srcs\sources_1\new\FROG_LOGIC.V:]
WARNING: [filemgmt 56-199] Attempt to get parsing info during refresh. "On-the-fly" syntax checking information may be incorrect. [C:\Users\user\Desktop\final_complete\final_complete.srcs\sources_1\new\pixel_generate_display.v:]
WARNING: [filemgmt 56-199] Attempt to get parsing info during refresh. "On-the-fly" syntax checking information may be incorrect. [C:\Users\user\Desktop\final_complete\final_complete.srcs\sources_1\new\FROG_LOGIC.V:]
WARNING: [filemgmt 56-199] Attempt to get parsing info during refresh. "On-the-fly" syntax checking information may be incorrect. [C:\Users\user\Desktop\final_complete\final_complete.srcs\sources_1\new\FROG_LOGIC.V:]
reset_run synth_1
launch_runs synth_1 -jobs 6
[Wed Jun  4 13:13:38 2025] Launched synth_1...
Run output will be captured here: C:/Users/user/Desktop/final_complete/final_complete.runs/synth_1/runme.log
launch_runs impl_1 -jobs 6
[Wed Jun  4 13:14:24 2025] Launched impl_1...
Run output will be captured here: C:/Users/user/Desktop/final_complete/final_complete.runs/impl_1/runme.log
launch_runs impl_1 -to_step write_bitstream -jobs 6
[Wed Jun  4 13:21:35 2025] Launched impl_1...
Run output will be captured here: C:/Users/user/Desktop/final_complete/final_complete.runs/impl_1/runme.log
open_hw_manager
connect_hw_server -allow_non_jtag
INFO: [Labtools 27-2285] Connecting to hw_server url TCP:localhost:3121
INFO: [Labtools 27-2222] Launching hw_server...
INFO: [Labtools 27-2221] Launch Output:

****** Xilinx hw_server v2024.2
  **** Build date : Oct 29 2024 at 10:25:41
    ** Copyright 1986-2022 Xilinx, Inc. All Rights Reserved.


INFO: [Labtools 27-3415] Connecting to cs_server url TCP:localhost:0
INFO: [Labtools 27-3417] Launching cs_server...
INFO: [Labtools 27-2221] Launch Output:


******** Xilinx cs_server v2024.2.0
  ****** Build date   : Oct 31 2024-02:19:07
    **** Build number : 2024.2.1730312347
      ** Copyright 2017-2022 Xilinx, Inc. All Rights Reserved.
      ** Copyright 2022-2025 Advanced Micro Devices, Inc. All Rights Reserved.



connect_hw_server: Time (s): cpu = 00:00:00 ; elapsed = 00:00:09 . Memory (MB): peak = 1405.023 ; gain = 0.000
open_hw_target
INFO: [Labtoolstcl 44-466] Opening hw_target localhost:3121/xilinx_tcf/Xilinx/1234-tulA
set_property PROGRAM.FILE {C:/Users/user/Desktop/final_complete/final_complete.runs/impl_1/VGAController.bit} [get_hw_devices xc7a35t_0]
current_hw_device [get_hw_devices xc7a35t_0]
refresh_hw_device -update_hw_probes false [lindex [get_hw_devices xc7a35t_0] 0]
INFO: [Labtools 27-1434] Device xc7a35t (JTAG device index = 0) is programmed with a design that has no supported debug core(s) in it.
set_property PROBES.FILE {} [get_hw_devices xc7a35t_0]
set_property FULL_PROBES.FILE {} [get_hw_devices xc7a35t_0]
set_property PROGRAM.FILE {C:/Users/user/Desktop/final_complete/final_complete.runs/impl_1/VGAController.bit} [get_hw_devices xc7a35t_0]
program_hw_devices [get_hw_devices xc7a35t_0]
INFO: [Labtools 27-3164] End of startup status: HIGH
refresh_hw_device [lindex [get_hw_devices xc7a35t_0] 0]
INFO: [Labtools 27-1434] Device xc7a35t (JTAG device index = 0) is programmed with a design that has no supported debug core(s) in it.
ERROR: [Labtoolstcl 44-513] HW Target shutdown. Closing target: localhost:3121/xilinx_tcf/Xilinx/1234-tulA
