#-----------------------------------------------------------
# Vivado v2024.2 (64-bit)
# SW Build 5239630 on Fri Nov 08 22:35:27 MST 2024
# IP Build 5239520 on Sun Nov 10 16:12:51 MST 2024
# SharedData Build 5239561 on Fri Nov 08 14:39:27 MST 2024
# Start of session at: Thu Jun  5 01:12:54 2025
# Process ID         : 22508
# Current directory  : C:/Users/user/Desktop/final_bb
# Command line       : vivado.exe -gui_launcher_event rodinguilauncherevent21016 C:\Users\user\Desktop\final_bb\final_complete.xpr
# Log file           : C:/Users/user/Desktop/final_bb/vivado.log
# Journal file       : C:/Users/user/Desktop/final_bb\vivado.jou
# Running On         : M700MD-1
# Platform           : Windows Server 2016 or Windows 10
# Operating System   : 22621
# Processor Detail   : 12th Gen Intel(R) Core(TM) i5-12500
# CPU Frequency      : 2995 MHz
# CPU Physical cores : 6
# CPU Logical cores  : 12
# Host memory        : 8284 MB
# Swap memory        : 22690 MB
# Total Virtual      : 30974 MB
# Available Virtual  : 8498 MB
#-----------------------------------------------------------
start_gui
open_project C:/Users/user/Desktop/final_bb/final_complete.xpr
Scanning sources...
Finished scanning sources
INFO: [IP_Flow 19-234] Refreshing IP repositories
INFO: [IP_Flow 19-1704] No user IP repositories specified
INFO: [IP_Flow 19-2313] Loaded Vivado IP repository 'C:/Xilinx/Vivado/2024.2/data/ip'.
update_compile_order -fileset sources_1
WARNING: [IP_Flow 19-4067] Ignoring invalid widget type specified checkbox.Providing a default widget
WARNING: [IP_Flow 19-4067] Ignoring invalid widget type specified checkbox.Providing a default widget
INFO: [IP_Flow 19-3484] Absolute path of file 'c:/Users/user/Desktop/final_bb/U.coe' provided. It will be converted relative to IP Instance files '../../../../U.coe'
INFO: [IP_Flow 19-3484] Absolute path of file 'c:/Users/user/Desktop/final_bb/U.coe' provided. It will be converted relative to IP Instance files '../../../../U.coe'
WARNING: [IP_Flow 19-4067] Ignoring invalid widget type specified checkbox.Providing a default widget
WARNING: [IP_Flow 19-4067] Ignoring invalid widget type specified checkbox.Providing a default widget
INFO: [IP_Flow 19-3484] Absolute path of file 'c:/Users/user/Desktop/final_bb/U2.coe' provided. It will be converted relative to IP Instance files '../../../../U2.coe'
create_ip -name blk_mem_gen -vendor xilinx.com -library ip -version 8.4 -module_name you_win_rom
set_property -dict [list \
  CONFIG.Coe_File {C:/Users/user/Desktop/final_bb/U2.coe} \
  CONFIG.Enable_A {Always_Enabled} \
  CONFIG.Load_Init_File {true} \
  CONFIG.Memory_Type {Single_Port_ROM} \
  CONFIG.Write_Depth_A {20000} \
  CONFIG.Write_Width_A {12} \
] [get_ips you_win_rom]
INFO: [IP_Flow 19-3484] Absolute path of file 'c:/Users/user/Desktop/final_bb/U2.coe' provided. It will be converted relative to IP Instance files '../../../../U2.coe'
WARNING: [filemgmt 56-199] Attempt to get parsing info during refresh. "On-the-fly" syntax checking information may be incorrect. [C:\Users\user\Desktop\final_bb\final_complete.srcs\sources_1\new\vga_controller_brain.v:]
WARNING: [filemgmt 56-199] Attempt to get parsing info during refresh. "On-the-fly" syntax checking information may be incorrect. [C:\Users\user\Desktop\final_bb\final_complete.srcs\sources_1\new\pixel_generate_display.v:]
WARNING: [filemgmt 56-199] Attempt to get parsing info during refresh. "On-the-fly" syntax checking information may be incorrect. [C:\Users\user\Desktop\final_bb\final_complete.srcs\sources_1\new\FROG_LOGIC.V:]
WARNING: [filemgmt 56-199] Attempt to get parsing info during refresh. "On-the-fly" syntax checking information may be incorrect. [C:\Users\user\Desktop\final_bb\final_complete.srcs\sources_1\new\FROG_LOGIC.V:]
WARNING: [filemgmt 56-199] Attempt to get parsing info during refresh. "On-the-fly" syntax checking information may be incorrect. [C:\Users\user\Desktop\final_bb\final_complete.srcs\sources_1\new\FROG_LOGIC.V:]
generate_target {instantiation_template} [get_files c:/Users/user/Desktop/final_bb/final_complete.srcs/sources_1/ip/you_win_rom/you_win_rom.xci]
INFO: [IP_Flow 19-1686] Generating 'Instantiation Template' target for IP 'you_win_rom'...
WARNING: [filemgmt 56-199] Attempt to get parsing info during refresh. "On-the-fly" syntax checking information may be incorrect. [C:\Users\user\Desktop\final_bb\final_complete.srcs\sources_1\new\vga_controller_brain.v:]
WARNING: [filemgmt 56-199] Attempt to get parsing info during refresh. "On-the-fly" syntax checking information may be incorrect. [C:\Users\user\Desktop\final_bb\final_complete.srcs\sources_1\new\pixel_generate_display.v:]
WARNING: [filemgmt 56-199] Attempt to get parsing info during refresh. "On-the-fly" syntax checking information may be incorrect. [C:\Users\user\Desktop\final_bb\final_complete.srcs\sources_1\new\FROG_LOGIC.V:]
WARNING: [filemgmt 56-199] Attempt to get parsing info during refresh. "On-the-fly" syntax checking information may be incorrect. [C:\Users\user\Desktop\final_bb\final_complete.srcs\sources_1\new\pixel_generate_display.v:]
WARNING: [filemgmt 56-199] Attempt to get parsing info during refresh. "On-the-fly" syntax checking information may be incorrect. [C:\Users\user\Desktop\final_bb\final_complete.srcs\sources_1\new\pixel_generate_display.v:]
WARNING: [filemgmt 56-199] Attempt to get parsing info during refresh. "On-the-fly" syntax checking information may be incorrect. [C:\Users\user\Desktop\final_bb\final_complete.srcs\sources_1\new\vga_controller_brain.v:]
WARNING: [filemgmt 56-199] Attempt to get parsing info during refresh. "On-the-fly" syntax checking information may be incorrect. [C:\Users\user\Desktop\final_bb\final_complete.srcs\sources_1\new\pixel_generate_display.v:]
WARNING: [filemgmt 56-199] Attempt to get parsing info during refresh. "On-the-fly" syntax checking information may be incorrect. [C:\Users\user\Desktop\final_bb\final_complete.srcs\sources_1\new\FROG_LOGIC.V:]
WARNING: [filemgmt 56-199] Attempt to get parsing info during refresh. "On-the-fly" syntax checking information may be incorrect. [C:\Users\user\Desktop\final_bb\final_complete.srcs\sources_1\new\vga_controller_brain.v:]
WARNING: [filemgmt 56-199] Attempt to get parsing info during refresh. "On-the-fly" syntax checking information may be incorrect. [C:\Users\user\Desktop\final_bb\final_complete.srcs\sources_1\new\vga_controller_brain.v:]
WARNING: [filemgmt 56-199] Attempt to get parsing info during refresh. "On-the-fly" syntax checking information may be incorrect. [C:\Users\user\Desktop\final_bb\final_complete.srcs\sources_1\new\vga_controller_brain.v:]
WARNING: [filemgmt 56-199] Attempt to get parsing info during refresh. "On-the-fly" syntax checking information may be incorrect. [C:\Users\user\Desktop\final_bb\final_complete.srcs\sources_1\new\pixel_generate_display.v:]
WARNING: [filemgmt 56-199] Attempt to get parsing info during refresh. "On-the-fly" syntax checking information may be incorrect. [C:\Users\user\Desktop\final_bb\final_complete.srcs\sources_1\new\FROG_LOGIC.V:]
WARNING: [filemgmt 56-199] Attempt to get parsing info during refresh. "On-the-fly" syntax checking information may be incorrect. [C:\Users\user\Desktop\final_bb\final_complete.srcs\sources_1\new\pixel_generate_display.v:]
WARNING: [filemgmt 56-199] Attempt to get parsing info during refresh. "On-the-fly" syntax checking information may be incorrect. [C:\Users\user\Desktop\final_bb\final_complete.srcs\sources_1\new\pixel_generate_display.v:]
WARNING: [filemgmt 56-199] Attempt to get parsing info during refresh. "On-the-fly" syntax checking information may be incorrect. [C:\Users\user\Desktop\final_bb\final_complete.srcs\sources_1\new\vga_controller_brain.v:]
WARNING: [filemgmt 56-199] Attempt to get parsing info during refresh. "On-the-fly" syntax checking information may be incorrect. [C:\Users\user\Desktop\final_bb\final_complete.srcs\sources_1\new\pixel_generate_display.v:]
WARNING: [filemgmt 56-199] Attempt to get parsing info during refresh. "On-the-fly" syntax checking information may be incorrect. [C:\Users\user\Desktop\final_bb\final_complete.srcs\sources_1\new\FROG_LOGIC.V:]
WARNING: [filemgmt 56-199] Attempt to get parsing info during refresh. "On-the-fly" syntax checking information may be incorrect. [C:\Users\user\Desktop\final_bb\final_complete.srcs\sources_1\new\vga_controller_brain.v:]
WARNING: [filemgmt 56-199] Attempt to get parsing info during refresh. "On-the-fly" syntax checking information may be incorrect. [C:\Users\user\Desktop\final_bb\final_complete.srcs\sources_1\new\vga_controller_brain.v:]
generate_target all [get_files  c:/Users/user/Desktop/final_bb/final_complete.srcs/sources_1/ip/you_win_rom/you_win_rom.xci]
ERROR: [Common 17-180] Spawn failed: No error
WARNING: [filemgmt 56-199] Attempt to get parsing info during refresh. "On-the-fly" syntax checking information may be incorrect. [C:\Users\user\Desktop\final_bb\final_complete.srcs\sources_1\new\vga_controller_brain.v:]
WARNING: [filemgmt 56-199] Attempt to get parsing info during refresh. "On-the-fly" syntax checking information may be incorrect. [C:\Users\user\Desktop\final_bb\final_complete.srcs\sources_1\new\pixel_generate_display.v:]
WARNING: [filemgmt 56-199] Attempt to get parsing info during refresh. "On-the-fly" syntax checking information may be incorrect. [C:\Users\user\Desktop\final_bb\final_complete.srcs\sources_1\new\FROG_LOGIC.V:]
WARNING: [filemgmt 56-199] Attempt to get parsing info during refresh. "On-the-fly" syntax checking information may be incorrect. [C:\Users\user\Desktop\final_bb\final_complete.srcs\sources_1\new\vga_controller_brain.v:]
WARNING: [filemgmt 56-199] Attempt to get parsing info during refresh. "On-the-fly" syntax checking information may be incorrect. [C:\Users\user\Desktop\final_bb\final_complete.srcs\sources_1\new\vga_controller_brain.v:]
INFO: [IP_Flow 19-1686] Generating 'Synthesis' target for IP 'you_win_rom'...
WARNING: [filemgmt 56-199] Attempt to get parsing info during refresh. "On-the-fly" syntax checking information may be incorrect. [C:\Users\user\Desktop\final_bb\final_complete.srcs\sources_1\new\vga_controller_brain.v:]
WARNING: [filemgmt 56-199] Attempt to get parsing info during refresh. "On-the-fly" syntax checking information may be incorrect. [C:\Users\user\Desktop\final_bb\final_complete.srcs\sources_1\new\pixel_generate_display.v:]
WARNING: [filemgmt 56-199] Attempt to get parsing info during refresh. "On-the-fly" syntax checking information may be incorrect. [C:\Users\user\Desktop\final_bb\final_complete.srcs\sources_1\new\FROG_LOGIC.V:]
WARNING: [filemgmt 56-199] Attempt to get parsing info during refresh. "On-the-fly" syntax checking information may be incorrect. [C:\Users\user\Desktop\final_bb\final_complete.srcs\sources_1\new\FROG_LOGIC.V:]
WARNING: [filemgmt 56-199] Attempt to get parsing info during refresh. "On-the-fly" syntax checking information may be incorrect. [C:\Users\user\Desktop\final_bb\final_complete.srcs\sources_1\new\FROG_LOGIC.V:]
INFO: [IP_Flow 19-1686] Generating 'Simulation' target for IP 'you_win_rom'...
INFO: [IP_Flow 19-1686] Generating 'Miscellaneous' target for IP 'you_win_rom'...
INFO: [IP_Flow 19-1686] Generating 'Change Log' target for IP 'you_win_rom'...
ERROR: [Common 17-39] 'generate_target' failed due to earlier errors.
update_compile_order -fileset sources_1
WARNING: [filemgmt 56-199] Attempt to get parsing info during refresh. "On-the-fly" syntax checking information may be incorrect. [C:\Users\user\Desktop\final_bb\final_complete.srcs\sources_1\new\vga_controller_brain.v:]
WARNING: [filemgmt 56-199] Attempt to get parsing info during refresh. "On-the-fly" syntax checking information may be incorrect. [C:\Users\user\Desktop\final_bb\final_complete.srcs\sources_1\new\pixel_generate_display.v:]
WARNING: [filemgmt 56-199] Attempt to get parsing info during refresh. "On-the-fly" syntax checking information may be incorrect. [C:\Users\user\Desktop\final_bb\final_complete.srcs\sources_1\new\FROG_LOGIC.V:]
WARNING: [filemgmt 56-199] Attempt to get parsing info during refresh. "On-the-fly" syntax checking information may be incorrect. [C:\Users\user\Desktop\final_bb\final_complete.srcs\sources_1\new\vga_controller_brain.v:]
WARNING: [filemgmt 56-199] Attempt to get parsing info during refresh. "On-the-fly" syntax checking information may be incorrect. [C:\Users\user\Desktop\final_bb\final_complete.srcs\sources_1\new\vga_controller_brain.v:]
WARNING: [filemgmt 56-199] Attempt to get parsing info during refresh. "On-the-fly" syntax checking information may be incorrect. [C:\Users\user\Desktop\final_bb\final_complete.srcs\sources_1\new\vga_controller_brain.v:]
WARNING: [filemgmt 56-199] Attempt to get parsing info during refresh. "On-the-fly" syntax checking information may be incorrect. [C:\Users\user\Desktop\final_bb\final_complete.srcs\sources_1\new\pixel_generate_display.v:]
WARNING: [filemgmt 56-199] Attempt to get parsing info during refresh. "On-the-fly" syntax checking information may be incorrect. [C:\Users\user\Desktop\final_bb\final_complete.srcs\sources_1\new\FROG_LOGIC.V:]
WARNING: [filemgmt 56-199] Attempt to get parsing info during refresh. "On-the-fly" syntax checking information may be incorrect. [C:\Users\user\Desktop\final_bb\final_complete.srcs\sources_1\new\pixel_generate_display.v:]
WARNING: [filemgmt 56-199] Attempt to get parsing info during refresh. "On-the-fly" syntax checking information may be incorrect. [C:\Users\user\Desktop\final_bb\final_complete.srcs\sources_1\new\pixel_generate_display.v:]
WARNING: [filemgmt 56-199] Attempt to get parsing info during refresh. "On-the-fly" syntax checking information may be incorrect. [C:\Users\user\Desktop\final_bb\final_complete.srcs\sources_1\new\vga_controller_brain.v:]
WARNING: [filemgmt 56-199] Attempt to get parsing info during refresh. "On-the-fly" syntax checking information may be incorrect. [C:\Users\user\Desktop\final_bb\final_complete.srcs\sources_1\new\pixel_generate_display.v:]
WARNING: [filemgmt 56-199] Attempt to get parsing info during refresh. "On-the-fly" syntax checking information may be incorrect. [C:\Users\user\Desktop\final_bb\final_complete.srcs\sources_1\new\FROG_LOGIC.V:]
WARNING: [filemgmt 56-199] Attempt to get parsing info during refresh. "On-the-fly" syntax checking information may be incorrect. [C:\Users\user\Desktop\final_bb\final_complete.srcs\sources_1\new\FROG_LOGIC.V:]
WARNING: [filemgmt 56-199] Attempt to get parsing info during refresh. "On-the-fly" syntax checking information may be incorrect. [C:\Users\user\Desktop\final_bb\final_complete.srcs\sources_1\new\FROG_LOGIC.V:]
WARNING: [filemgmt 56-199] Attempt to get parsing info during refresh. "On-the-fly" syntax checking information may be incorrect. [C:\Users\user\Desktop\final_bb\final_complete.srcs\sources_1\new\vga_controller_brain.v:]
WARNING: [filemgmt 56-199] Attempt to get parsing info during refresh. "On-the-fly" syntax checking information may be incorrect. [C:\Users\user\Desktop\final_bb\final_complete.srcs\sources_1\new\pixel_generate_display.v:]
WARNING: [filemgmt 56-199] Attempt to get parsing info during refresh. "On-the-fly" syntax checking information may be incorrect. [C:\Users\user\Desktop\final_bb\final_complete.srcs\sources_1\new\FROG_LOGIC.V:]
WARNING: [filemgmt 56-199] Attempt to get parsing info during refresh. "On-the-fly" syntax checking information may be incorrect. [C:\Users\user\Desktop\final_bb\final_complete.srcs\sources_1\new\pixel_generate_display.v:]
WARNING: [filemgmt 56-199] Attempt to get parsing info during refresh. "On-the-fly" syntax checking information may be incorrect. [C:\Users\user\Desktop\final_bb\final_complete.srcs\sources_1\new\pixel_generate_display.v:]
update_compile_order -fileset sources_1
WARNING: [filemgmt 56-199] Attempt to get parsing info during refresh. "On-the-fly" syntax checking information may be incorrect. [C:\Users\user\Desktop\final_bb\final_complete.srcs\sources_1\new\vga_controller_brain.v:]
WARNING: [filemgmt 56-199] Attempt to get parsing info during refresh. "On-the-fly" syntax checking information may be incorrect. [C:\Users\user\Desktop\final_bb\final_complete.srcs\sources_1\new\pixel_generate_display.v:]
WARNING: [filemgmt 56-199] Attempt to get parsing info during refresh. "On-the-fly" syntax checking information may be incorrect. [C:\Users\user\Desktop\final_bb\final_complete.srcs\sources_1\new\FROG_LOGIC.V:]
WARNING: [filemgmt 56-199] Attempt to get parsing info during refresh. "On-the-fly" syntax checking information may be incorrect. [C:\Users\user\Desktop\final_bb\final_complete.srcs\sources_1\new\FROG_LOGIC.V:]
WARNING: [filemgmt 56-199] Attempt to get parsing info during refresh. "On-the-fly" syntax checking information may be incorrect. [C:\Users\user\Desktop\final_bb\final_complete.srcs\sources_1\new\FROG_LOGIC.V:]
WARNING: [filemgmt 56-199] Attempt to get parsing info during refresh. "On-the-fly" syntax checking information may be incorrect. [C:\Users\user\Desktop\final_bb\final_complete.srcs\sources_1\new\vga_controller_brain.v:]
WARNING: [filemgmt 56-199] Attempt to get parsing info during refresh. "On-the-fly" syntax checking information may be incorrect. [C:\Users\user\Desktop\final_bb\final_complete.srcs\sources_1\new\pixel_generate_display.v:]
WARNING: [filemgmt 56-199] Attempt to get parsing info during refresh. "On-the-fly" syntax checking information may be incorrect. [C:\Users\user\Desktop\final_bb\final_complete.srcs\sources_1\new\FROG_LOGIC.V:]
WARNING: [filemgmt 56-199] Attempt to get parsing info during refresh. "On-the-fly" syntax checking information may be incorrect. [C:\Users\user\Desktop\final_bb\final_complete.srcs\sources_1\new\pixel_generate_display.v:]
WARNING: [filemgmt 56-199] Attempt to get parsing info during refresh. "On-the-fly" syntax checking information may be incorrect. [C:\Users\user\Desktop\final_bb\final_complete.srcs\sources_1\new\pixel_generate_display.v:]
reset_run synth_1
INFO: [Project 1-1161] Replacing file C:/Users/user/Desktop/final_bb/final_complete.srcs/utils_1/imports/synth_1/VGAController.dcp with file C:/Users/user/Desktop/final_bb/final_complete.runs/synth_1/VGAController.dcp
WARNING: [filemgmt 56-199] Attempt to get parsing info during refresh. "On-the-fly" syntax checking information may be incorrect. [C:\Users\user\Desktop\final_bb\final_complete.srcs\sources_1\new\vga_controller_brain.v:]
WARNING: [filemgmt 56-199] Attempt to get parsing info during refresh. "On-the-fly" syntax checking information may be incorrect. [C:\Users\user\Desktop\final_bb\final_complete.srcs\sources_1\new\pixel_generate_display.v:]
WARNING: [filemgmt 56-199] Attempt to get parsing info during refresh. "On-the-fly" syntax checking information may be incorrect. [C:\Users\user\Desktop\final_bb\final_complete.srcs\sources_1\new\FROG_LOGIC.V:]
WARNING: [filemgmt 56-199] Attempt to get parsing info during refresh. "On-the-fly" syntax checking information may be incorrect. [C:\Users\user\Desktop\final_bb\final_complete.srcs\sources_1\new\FROG_LOGIC.V:]
WARNING: [filemgmt 56-199] Attempt to get parsing info during refresh. "On-the-fly" syntax checking information may be incorrect. [C:\Users\user\Desktop\final_bb\final_complete.srcs\sources_1\new\FROG_LOGIC.V:]
WARNING: [filemgmt 56-199] Attempt to get parsing info during refresh. "On-the-fly" syntax checking information may be incorrect. [C:\Users\user\Desktop\final_bb\final_complete.srcs\sources_1\new\vga_controller_brain.v:]
WARNING: [filemgmt 56-199] Attempt to get parsing info during refresh. "On-the-fly" syntax checking information may be incorrect. [C:\Users\user\Desktop\final_bb\final_complete.srcs\sources_1\new\pixel_generate_display.v:]
WARNING: [filemgmt 56-199] Attempt to get parsing info during refresh. "On-the-fly" syntax checking information may be incorrect. [C:\Users\user\Desktop\final_bb\final_complete.srcs\sources_1\new\FROG_LOGIC.V:]
WARNING: [filemgmt 56-199] Attempt to get parsing info during refresh. "On-the-fly" syntax checking information may be incorrect. [C:\Users\user\Desktop\final_bb\final_complete.srcs\sources_1\new\pixel_generate_display.v:]
WARNING: [filemgmt 56-199] Attempt to get parsing info during refresh. "On-the-fly" syntax checking information may be incorrect. [C:\Users\user\Desktop\final_bb\final_complete.srcs\sources_1\new\pixel_generate_display.v:]
WARNING: [filemgmt 56-199] Attempt to get parsing info during refresh. "On-the-fly" syntax checking information may be incorrect. [C:\Users\user\Desktop\final_bb\final_complete.srcs\sources_1\new\vga_controller_brain.v:]
WARNING: [filemgmt 56-199] Attempt to get parsing info during refresh. "On-the-fly" syntax checking information may be incorrect. [C:\Users\user\Desktop\final_bb\final_complete.srcs\sources_1\new\pixel_generate_display.v:]
WARNING: [filemgmt 56-199] Attempt to get parsing info during refresh. "On-the-fly" syntax checking information may be incorrect. [C:\Users\user\Desktop\final_bb\final_complete.srcs\sources_1\new\FROG_LOGIC.V:]
WARNING: [filemgmt 56-199] Attempt to get parsing info during refresh. "On-the-fly" syntax checking information may be incorrect. [C:\Users\user\Desktop\final_bb\final_complete.srcs\sources_1\new\vga_controller_brain.v:]
WARNING: [filemgmt 56-199] Attempt to get parsing info during refresh. "On-the-fly" syntax checking information may be incorrect. [C:\Users\user\Desktop\final_bb\final_complete.srcs\sources_1\new\vga_controller_brain.v:]
WARNING: [filemgmt 56-199] Attempt to get parsing info during refresh. "On-the-fly" syntax checking information may be incorrect. [C:\Users\user\Desktop\final_bb\final_complete.srcs\sources_1\new\vga_controller_brain.v:]
WARNING: [filemgmt 56-199] Attempt to get parsing info during refresh. "On-the-fly" syntax checking information may be incorrect. [C:\Users\user\Desktop\final_bb\final_complete.srcs\sources_1\new\pixel_generate_display.v:]
WARNING: [filemgmt 56-199] Attempt to get parsing info during refresh. "On-the-fly" syntax checking information may be incorrect. [C:\Users\user\Desktop\final_bb\final_complete.srcs\sources_1\new\FROG_LOGIC.V:]
WARNING: [filemgmt 56-199] Attempt to get parsing info during refresh. "On-the-fly" syntax checking information may be incorrect. [C:\Users\user\Desktop\final_bb\final_complete.srcs\sources_1\new\pixel_generate_display.v:]
WARNING: [filemgmt 56-199] Attempt to get parsing info during refresh. "On-the-fly" syntax checking information may be incorrect. [C:\Users\user\Desktop\final_bb\final_complete.srcs\sources_1\new\pixel_generate_display.v:]
WARNING: [filemgmt 56-199] Attempt to get parsing info during refresh. "On-the-fly" syntax checking information may be incorrect. [C:\Users\user\Desktop\final_bb\final_complete.srcs\sources_1\new\vga_controller_brain.v:]
WARNING: [filemgmt 56-199] Attempt to get parsing info during refresh. "On-the-fly" syntax checking information may be incorrect. [C:\Users\user\Desktop\final_bb\final_complete.srcs\sources_1\new\pixel_generate_display.v:]
WARNING: [filemgmt 56-199] Attempt to get parsing info during refresh. "On-the-fly" syntax checking information may be incorrect. [C:\Users\user\Desktop\final_bb\final_complete.srcs\sources_1\new\FROG_LOGIC.V:]
WARNING: [filemgmt 56-199] Attempt to get parsing info during refresh. "On-the-fly" syntax checking information may be incorrect. [C:\Users\user\Desktop\final_bb\final_complete.srcs\sources_1\new\vga_controller_brain.v:]
WARNING: [filemgmt 56-199] Attempt to get parsing info during refresh. "On-the-fly" syntax checking information may be incorrect. [C:\Users\user\Desktop\final_bb\final_complete.srcs\sources_1\new\vga_controller_brain.v:]
launch_runs synth_1 -jobs 6
INFO: [IP_Flow 19-6924] IPCACHE: Running cache check for IP inst: you_win_rom
ERROR: [Common 17-180] Spawn failed: No error
[Thu Jun  5 01:35:21 2025] Launched you_win_rom_synth_1...
Run output will be captured here: C:/Users/user/Desktop/final_bb/final_complete.runs/you_win_rom_synth_1/runme.log
[Thu Jun  5 01:35:21 2025] Launched synth_1...
Run output will be captured here: C:/Users/user/Desktop/final_bb/final_complete.runs/synth_1/runme.log
ERROR: [Common 17-39] 'launch_runs' failed due to earlier errors.
WARNING: [filemgmt 56-199] Attempt to get parsing info during refresh. "On-the-fly" syntax checking information may be incorrect. [C:\Users\user\Desktop\final_bb\final_complete.srcs\sources_1\new\vga_controller_brain.v:]
WARNING: [filemgmt 56-199] Attempt to get parsing info during refresh. "On-the-fly" syntax checking information may be incorrect. [C:\Users\user\Desktop\final_bb\final_complete.srcs\sources_1\new\pixel_generate_display.v:]
WARNING: [filemgmt 56-199] Attempt to get parsing info during refresh. "On-the-fly" syntax checking information may be incorrect. [C:\Users\user\Desktop\final_bb\final_complete.srcs\sources_1\new\FROG_LOGIC.V:]
WARNING: [filemgmt 56-199] Attempt to get parsing info during refresh. "On-the-fly" syntax checking information may be incorrect. [C:\Users\user\Desktop\final_bb\final_complete.srcs\sources_1\new\pixel_generate_display.v:]
WARNING: [filemgmt 56-199] Attempt to get parsing info during refresh. "On-the-fly" syntax checking information may be incorrect. [C:\Users\user\Desktop\final_bb\final_complete.srcs\sources_1\new\pixel_generate_display.v:]
WARNING: [filemgmt 56-199] Attempt to get parsing info during refresh. "On-the-fly" syntax checking information may be incorrect. [C:\Users\user\Desktop\final_bb\final_complete.srcs\sources_1\new\vga_controller_brain.v:]
WARNING: [filemgmt 56-199] Attempt to get parsing info during refresh. "On-the-fly" syntax checking information may be incorrect. [C:\Users\user\Desktop\final_bb\final_complete.srcs\sources_1\new\pixel_generate_display.v:]
WARNING: [filemgmt 56-199] Attempt to get parsing info during refresh. "On-the-fly" syntax checking information may be incorrect. [C:\Users\user\Desktop\final_bb\final_complete.srcs\sources_1\new\FROG_LOGIC.V:]
WARNING: [filemgmt 56-199] Attempt to get parsing info during refresh. "On-the-fly" syntax checking information may be incorrect. [C:\Users\user\Desktop\final_bb\final_complete.srcs\sources_1\new\FROG_LOGIC.V:]
WARNING: [filemgmt 56-199] Attempt to get parsing info during refresh. "On-the-fly" syntax checking information may be incorrect. [C:\Users\user\Desktop\final_bb\final_complete.srcs\sources_1\new\FROG_LOGIC.V:]
ERROR: [Common 17-180] Spawn failed: No error
reset_run synth_1
launch_runs synth_1 -jobs 6
[Thu Jun  5 01:35:26 2025] Launched you_win_rom_synth_1...
Run output will be captured here: C:/Users/user/Desktop/final_bb/final_complete.runs/you_win_rom_synth_1/runme.log
[Thu Jun  5 01:35:26 2025] Launched synth_1...
Run output will be captured here: C:/Users/user/Desktop/final_bb/final_complete.runs/synth_1/runme.log
WARNING: [filemgmt 56-199] Attempt to get parsing info during refresh. "On-the-fly" syntax checking information may be incorrect. [C:\Users\user\Desktop\final_bb\final_complete.srcs\sources_1\new\vga_controller_brain.v:]
WARNING: [filemgmt 56-199] Attempt to get parsing info during refresh. "On-the-fly" syntax checking information may be incorrect. [C:\Users\user\Desktop\final_bb\final_complete.srcs\sources_1\new\pixel_generate_display.v:]
WARNING: [filemgmt 56-199] Attempt to get parsing info during refresh. "On-the-fly" syntax checking information may be incorrect. [C:\Users\user\Desktop\final_bb\final_complete.srcs\sources_1\new\FROG_LOGIC.V:]
WARNING: [filemgmt 56-199] Attempt to get parsing info during refresh. "On-the-fly" syntax checking information may be incorrect. [C:\Users\user\Desktop\final_bb\final_complete.srcs\sources_1\new\pixel_generate_display.v:]
WARNING: [filemgmt 56-199] Attempt to get parsing info during refresh. "On-the-fly" syntax checking information may be incorrect. [C:\Users\user\Desktop\final_bb\final_complete.srcs\sources_1\new\pixel_generate_display.v:]
WARNING: [filemgmt 56-199] Attempt to get parsing info during refresh. "On-the-fly" syntax checking information may be incorrect. [C:\Users\user\Desktop\final_bb\final_complete.srcs\sources_1\new\vga_controller_brain.v:]
WARNING: [filemgmt 56-199] Attempt to get parsing info during refresh. "On-the-fly" syntax checking information may be incorrect. [C:\Users\user\Desktop\final_bb\final_complete.srcs\sources_1\new\pixel_generate_display.v:]
WARNING: [filemgmt 56-199] Attempt to get parsing info during refresh. "On-the-fly" syntax checking information may be incorrect. [C:\Users\user\Desktop\final_bb\final_complete.srcs\sources_1\new\FROG_LOGIC.V:]
WARNING: [filemgmt 56-199] Attempt to get parsing info during refresh. "On-the-fly" syntax checking information may be incorrect. [C:\Users\user\Desktop\final_bb\final_complete.srcs\sources_1\new\FROG_LOGIC.V:]
WARNING: [filemgmt 56-199] Attempt to get parsing info during refresh. "On-the-fly" syntax checking information may be incorrect. [C:\Users\user\Desktop\final_bb\final_complete.srcs\sources_1\new\FROG_LOGIC.V:]
launch_runs impl_1 -jobs 6
[Thu Jun  5 01:37:23 2025] Launched impl_1...
Run output will be captured here: C:/Users/user/Desktop/final_bb/final_complete.runs/impl_1/runme.log
launch_runs impl_1 -to_step write_bitstream -jobs 6
[Thu Jun  5 01:38:16 2025] Launched impl_1...
Run output will be captured here: C:/Users/user/Desktop/final_bb/final_complete.runs/impl_1/runme.log
open_hw_manager
connect_hw_server -allow_non_jtag
INFO: [Labtools 27-2285] Connecting to hw_server url TCP:localhost:3121
INFO: [Labtools 27-2222] Launching hw_server...
INFO: [Labtools 27-2221] Launch Output:

****** Xilinx hw_server v2024.2
  **** Build date : Oct 29 2024 at 10:25:41
    ** Copyright 1986-2022 Xilinx, Inc. All Rights Reserved.


INFO: [Labtools 27-3415] Connecting to cs_server url TCP:localhost:0
INFO: [Labtools 27-3417] Launching cs_server...
INFO: [Labtools 27-2221] Launch Output:


******** Xilinx cs_server v2024.2.0
  ****** Build date   : Oct 31 2024-02:19:07
    **** Build number : 2024.2.1730312347
      ** Copyright 2017-2022 Xilinx, Inc. All Rights Reserved.
      ** Copyright 2022-2025 Advanced Micro Devices, Inc. All Rights Reserved.



connect_hw_server: Time (s): cpu = 00:00:00 ; elapsed = 00:00:08 . Memory (MB): peak = 1428.512 ; gain = 0.000
open_hw_target
INFO: [Labtoolstcl 44-466] Opening hw_target localhost:3121/xilinx_tcf/Xilinx/1234-tulA
set_property PROGRAM.FILE {C:/Users/user/Desktop/final_bb/final_complete.runs/impl_1/VGAController.bit} [get_hw_devices xc7a35t_0]
current_hw_device [get_hw_devices xc7a35t_0]
refresh_hw_device -update_hw_probes false [lindex [get_hw_devices xc7a35t_0] 0]
INFO: [Labtools 27-1434] Device xc7a35t (JTAG device index = 0) is programmed with a design that has no supported debug core(s) in it.
set_property PROBES.FILE {} [get_hw_devices xc7a35t_0]
set_property FULL_PROBES.FILE {} [get_hw_devices xc7a35t_0]
set_property PROGRAM.FILE {C:/Users/user/Desktop/final_bb/final_complete.runs/impl_1/VGAController.bit} [get_hw_devices xc7a35t_0]
program_hw_devices [get_hw_devices xc7a35t_0]
INFO: [Labtools 27-3164] End of startup status: HIGH
refresh_hw_device [lindex [get_hw_devices xc7a35t_0] 0]
INFO: [Labtools 27-1434] Device xc7a35t (JTAG device index = 0) is programmed with a design that has no supported debug core(s) in it.
set_property PROBES.FILE {} [get_hw_devices xc7a35t_0]
set_property FULL_PROBES.FILE {} [get_hw_devices xc7a35t_0]
set_property PROGRAM.FILE {C:/Users/user/Desktop/final_bb/final_complete.runs/impl_1/VGAController.bit} [get_hw_devices xc7a35t_0]
program_hw_devices [get_hw_devices xc7a35t_0]
INFO: [Labtools 27-3164] End of startup status: HIGH
refresh_hw_device [lindex [get_hw_devices xc7a35t_0] 0]
INFO: [Labtools 27-1434] Device xc7a35t (JTAG device index = 0) is programmed with a design that has no supported debug core(s) in it.
close_hw_manager
WARNING: [IP_Flow 19-4067] Ignoring invalid widget type specified checkbox.Providing a default widget
WARNING: [IP_Flow 19-4067] Ignoring invalid widget type specified checkbox.Providing a default widget
INFO: [IP_Flow 19-3484] Absolute path of file 'c:/Users/user/Desktop/final_bb/frog.coe' provided. It will be converted relative to IP Instance files '../../../../frog.coe'
set_property -dict [list \
  CONFIG.Coe_File {C:/Users/user/Desktop/final_bb/frog.coe} \
  CONFIG.Write_Depth_A {12800} \
] [get_ips image_rom]
INFO: [IP_Flow 19-3484] Absolute path of file 'c:/Users/user/Desktop/final_bb/frog.coe' provided. It will be converted relative to IP Instance files '../../../../frog.coe'
INFO: [IP_Flow 19-3484] Absolute path of file 'c:/Users/user/Desktop/final_bb/frog.coe' provided. It will be converted relative to IP Instance files '../../../../frog.coe'
WARNING: [filemgmt 56-199] Attempt to get parsing info during refresh. "On-the-fly" syntax checking information may be incorrect. [C:\Users\user\Desktop\final_bb\final_complete.srcs\sources_1\new\vga_controller_brain.v:]
WARNING: [filemgmt 56-199] Attempt to get parsing info during refresh. "On-the-fly" syntax checking information may be incorrect. [C:\Users\user\Desktop\final_bb\final_complete.srcs\sources_1\new\pixel_generate_display.v:]
WARNING: [filemgmt 56-199] Attempt to get parsing info during refresh. "On-the-fly" syntax checking information may be incorrect. [C:\Users\user\Desktop\final_bb\final_complete.srcs\sources_1\new\FROG_LOGIC.V:]
WARNING: [filemgmt 56-199] Attempt to get parsing info during refresh. "On-the-fly" syntax checking information may be incorrect. [C:\Users\user\Desktop\final_bb\final_complete.srcs\sources_1\new\pixel_generate_display.v:]
WARNING: [filemgmt 56-199] Attempt to get parsing info during refresh. "On-the-fly" syntax checking information may be incorrect. [C:\Users\user\Desktop\final_bb\final_complete.srcs\sources_1\new\pixel_generate_display.v:]
WARNING: [filemgmt 56-199] Attempt to get parsing info during refresh. "On-the-fly" syntax checking information may be incorrect. [C:\Users\user\Desktop\final_bb\final_complete.srcs\sources_1\new\vga_controller_brain.v:]
WARNING: [filemgmt 56-199] Attempt to get parsing info during refresh. "On-the-fly" syntax checking information may be incorrect. [C:\Users\user\Desktop\final_bb\final_complete.srcs\sources_1\new\pixel_generate_display.v:]
WARNING: [filemgmt 56-199] Attempt to get parsing info during refresh. "On-the-fly" syntax checking information may be incorrect. [C:\Users\user\Desktop\final_bb\final_complete.srcs\sources_1\new\FROG_LOGIC.V:]
WARNING: [filemgmt 56-199] Attempt to get parsing info during refresh. "On-the-fly" syntax checking information may be incorrect. [C:\Users\user\Desktop\final_bb\final_complete.srcs\sources_1\new\FROG_LOGIC.V:]
WARNING: [filemgmt 56-199] Attempt to get parsing info during refresh. "On-the-fly" syntax checking information may be incorrect. [C:\Users\user\Desktop\final_bb\final_complete.srcs\sources_1\new\FROG_LOGIC.V:]
WARNING: [filemgmt 56-199] Attempt to get parsing info during refresh. "On-the-fly" syntax checking information may be incorrect. [C:\Users\user\Desktop\final_bb\final_complete.srcs\sources_1\new\vga_controller_brain.v:]
WARNING: [filemgmt 56-199] Attempt to get parsing info during refresh. "On-the-fly" syntax checking information may be incorrect. [C:\Users\user\Desktop\final_bb\final_complete.srcs\sources_1\new\pixel_generate_display.v:]
WARNING: [filemgmt 56-199] Attempt to get parsing info during refresh. "On-the-fly" syntax checking information may be incorrect. [C:\Users\user\Desktop\final_bb\final_complete.srcs\sources_1\new\FROG_LOGIC.V:]
WARNING: [filemgmt 56-199] Attempt to get parsing info during refresh. "On-the-fly" syntax checking information may be incorrect. [C:\Users\user\Desktop\final_bb\final_complete.srcs\sources_1\new\pixel_generate_display.v:]
WARNING: [filemgmt 56-199] Attempt to get parsing info during refresh. "On-the-fly" syntax checking information may be incorrect. [C:\Users\user\Desktop\final_bb\final_complete.srcs\sources_1\new\pixel_generate_display.v:]
WARNING: [filemgmt 56-199] Attempt to get parsing info during refresh. "On-the-fly" syntax checking information may be incorrect. [C:\Users\user\Desktop\final_bb\final_complete.srcs\sources_1\new\vga_controller_brain.v:]
WARNING: [filemgmt 56-199] Attempt to get parsing info during refresh. "On-the-fly" syntax checking information may be incorrect. [C:\Users\user\Desktop\final_bb\final_complete.srcs\sources_1\new\pixel_generate_display.v:]
WARNING: [filemgmt 56-199] Attempt to get parsing info during refresh. "On-the-fly" syntax checking information may be incorrect. [C:\Users\user\Desktop\final_bb\final_complete.srcs\sources_1\new\FROG_LOGIC.V:]
WARNING: [filemgmt 56-199] Attempt to get parsing info during refresh. "On-the-fly" syntax checking information may be incorrect. [C:\Users\user\Desktop\final_bb\final_complete.srcs\sources_1\new\vga_controller_brain.v:]
WARNING: [filemgmt 56-199] Attempt to get parsing info during refresh. "On-the-fly" syntax checking information may be incorrect. [C:\Users\user\Desktop\final_bb\final_complete.srcs\sources_1\new\vga_controller_brain.v:]
WARNING: [filemgmt 56-199] Attempt to get parsing info during refresh. "On-the-fly" syntax checking information may be incorrect. [C:\Users\user\Desktop\final_bb\final_complete.srcs\sources_1\new\vga_controller_brain.v:]
WARNING: [filemgmt 56-199] Attempt to get parsing info during refresh. "On-the-fly" syntax checking information may be incorrect. [C:\Users\user\Desktop\final_bb\final_complete.srcs\sources_1\new\pixel_generate_display.v:]
WARNING: [filemgmt 56-199] Attempt to get parsing info during refresh. "On-the-fly" syntax checking information may be incorrect. [C:\Users\user\Desktop\final_bb\final_complete.srcs\sources_1\new\FROG_LOGIC.V:]
WARNING: [filemgmt 56-199] Attempt to get parsing info during refresh. "On-the-fly" syntax checking information may be incorrect. [C:\Users\user\Desktop\final_bb\final_complete.srcs\sources_1\new\vga_controller_brain.v:]
WARNING: [filemgmt 56-199] Attempt to get parsing info during refresh. "On-the-fly" syntax checking information may be incorrect. [C:\Users\user\Desktop\final_bb\final_complete.srcs\sources_1\new\vga_controller_brain.v:]
generate_target all [get_files  C:/Users/user/Desktop/final_bb/final_complete.srcs/sources_1/ip/image_rom_1/image_rom.xci]
INFO: [IP_Flow 19-1686] Generating 'Instantiation Template' target for IP 'image_rom'...
INFO: [IP_Flow 19-1686] Generating 'Synthesis' target for IP 'image_rom'...
ERROR: [Common 17-180] Spawn failed: No error
ERROR: [Common 17-39] 'xit::puts_ipfile' failed due to earlier errors.
CRITICAL WARNING: [IP_Flow 19-1747] Failed to deliver file 'c:/Xilinx/Vivado/2024.2/data/ip/xilinx/blk_mem_gen_v8_4/hdl/mem_init_file.xit': ERROR: [Common 17-39] 'xit::puts_ipfile' failed due to earlier errors.

ERROR: [IP_Flow 19-167] Failed to deliver one or more file(s).
ERROR: [IP_Flow 19-911] XIT detected an open writer channel for file 'c:/Users/user/Desktop/final_bb/final_complete.gen/sources_1/ip/image_rom_1/image_rom.mif'. Please use 'close_ipfile' command to close channels before exit.
ERROR: [IP_Flow 19-3505] IP Generation error: Failed to generate IP 'image_rom'. Failed to generate 'Vivado VHDL Synthesis' outputs: 
ERROR: [IP_Flow 19-98] Generation of the IP CORE failed.
Failed to generate IP 'image_rom'. Failed to generate 'Vivado VHDL Synthesis' outputs: 
WARNING: [IP_Flow 19-4067] Ignoring invalid widget type specified checkbox.Providing a default widget
WARNING: [IP_Flow 19-4067] Ignoring invalid widget type specified checkbox.Providing a default widget
WARNING: [filemgmt 56-199] Attempt to get parsing info during refresh. "On-the-fly" syntax checking information may be incorrect. [C:\Users\user\Desktop\final_bb\final_complete.srcs\sources_1\new\vga_controller_brain.v:]
WARNING: [filemgmt 56-199] Attempt to get parsing info during refresh. "On-the-fly" syntax checking information may be incorrect. [C:\Users\user\Desktop\final_bb\final_complete.srcs\sources_1\new\pixel_generate_display.v:]
WARNING: [filemgmt 56-199] Attempt to get parsing info during refresh. "On-the-fly" syntax checking information may be incorrect. [C:\Users\user\Desktop\final_bb\final_complete.srcs\sources_1\new\FROG_LOGIC.V:]
WARNING: [filemgmt 56-199] Attempt to get parsing info during refresh. "On-the-fly" syntax checking information may be incorrect. [C:\Users\user\Desktop\final_bb\final_complete.srcs\sources_1\new\FROG_LOGIC.V:]
WARNING: [filemgmt 56-199] Attempt to get parsing info during refresh. "On-the-fly" syntax checking information may be incorrect. [C:\Users\user\Desktop\final_bb\final_complete.srcs\sources_1\new\FROG_LOGIC.V:]
WARNING: [filemgmt 56-199] Attempt to get parsing info during refresh. "On-the-fly" syntax checking information may be incorrect. [C:\Users\user\Desktop\final_bb\final_complete.srcs\sources_1\new\vga_controller_brain.v:]
WARNING: [filemgmt 56-199] Attempt to get parsing info during refresh. "On-the-fly" syntax checking information may be incorrect. [C:\Users\user\Desktop\final_bb\final_complete.srcs\sources_1\new\pixel_generate_display.v:]
WARNING: [filemgmt 56-199] Attempt to get parsing info during refresh. "On-the-fly" syntax checking information may be incorrect. [C:\Users\user\Desktop\final_bb\final_complete.srcs\sources_1\new\FROG_LOGIC.V:]
WARNING: [filemgmt 56-199] Attempt to get parsing info during refresh. "On-the-fly" syntax checking information may be incorrect. [C:\Users\user\Desktop\final_bb\final_complete.srcs\sources_1\new\pixel_generate_display.v:]
WARNING: [filemgmt 56-199] Attempt to get parsing info during refresh. "On-the-fly" syntax checking information may be incorrect. [C:\Users\user\Desktop\final_bb\final_complete.srcs\sources_1\new\pixel_generate_display.v:]
reset_run image_rom_synth_1
reset_run synth_1
INFO: [Project 1-1161] Replacing file C:/Users/user/Desktop/final_bb/final_complete.srcs/utils_1/imports/synth_1/VGAController.dcp with file C:/Users/user/Desktop/final_bb/final_complete.runs/synth_1/VGAController.dcp
launch_runs synth_1 -jobs 6
INFO: [IP_Flow 19-1686] Generating 'Synthesis' target for IP 'image_rom'...
WARNING: [filemgmt 56-199] Attempt to get parsing info during refresh. "On-the-fly" syntax checking information may be incorrect. [C:\Users\user\Desktop\final_bb\final_complete.srcs\sources_1\new\vga_controller_brain.v:]
WARNING: [filemgmt 56-199] Attempt to get parsing info during refresh. "On-the-fly" syntax checking information may be incorrect. [C:\Users\user\Desktop\final_bb\final_complete.srcs\sources_1\new\pixel_generate_display.v:]
WARNING: [filemgmt 56-199] Attempt to get parsing info during refresh. "On-the-fly" syntax checking information may be incorrect. [C:\Users\user\Desktop\final_bb\final_complete.srcs\sources_1\new\FROG_LOGIC.V:]
WARNING: [filemgmt 56-199] Attempt to get parsing info during refresh. "On-the-fly" syntax checking information may be incorrect. [C:\Users\user\Desktop\final_bb\final_complete.srcs\sources_1\new\vga_controller_brain.v:]
WARNING: [filemgmt 56-199] Attempt to get parsing info during refresh. "On-the-fly" syntax checking information may be incorrect. [C:\Users\user\Desktop\final_bb\final_complete.srcs\sources_1\new\vga_controller_brain.v:]
[Thu Jun  5 02:03:06 2025] Launched image_rom_synth_1...
Run output will be captured here: C:/Users/user/Desktop/final_bb/final_complete.runs/image_rom_synth_1/runme.log
[Thu Jun  5 02:03:06 2025] Launched synth_1...
Run output will be captured here: C:/Users/user/Desktop/final_bb/final_complete.runs/synth_1/runme.log
WARNING: [filemgmt 56-199] Attempt to get parsing info during refresh. "On-the-fly" syntax checking information may be incorrect. [C:\Users\user\Desktop\final_bb\final_complete.srcs\sources_1\new\vga_controller_brain.v:]
WARNING: [filemgmt 56-199] Attempt to get parsing info during refresh. "On-the-fly" syntax checking information may be incorrect. [C:\Users\user\Desktop\final_bb\final_complete.srcs\sources_1\new\pixel_generate_display.v:]
WARNING: [filemgmt 56-199] Attempt to get parsing info during refresh. "On-the-fly" syntax checking information may be incorrect. [C:\Users\user\Desktop\final_bb\final_complete.srcs\sources_1\new\FROG_LOGIC.V:]
WARNING: [filemgmt 56-199] Attempt to get parsing info during refresh. "On-the-fly" syntax checking information may be incorrect. [C:\Users\user\Desktop\final_bb\final_complete.srcs\sources_1\new\FROG_LOGIC.V:]
WARNING: [filemgmt 56-199] Attempt to get parsing info during refresh. "On-the-fly" syntax checking information may be incorrect. [C:\Users\user\Desktop\final_bb\final_complete.srcs\sources_1\new\vga_controller_brain.v:]
WARNING: [filemgmt 56-199] Attempt to get parsing info during refresh. "On-the-fly" syntax checking information may be incorrect. [C:\Users\user\Desktop\final_bb\final_complete.srcs\sources_1\new\pixel_generate_display.v:]
WARNING: [filemgmt 56-199] Attempt to get parsing info during refresh. "On-the-fly" syntax checking information may be incorrect. [C:\Users\user\Desktop\final_bb\final_complete.srcs\sources_1\new\FROG_LOGIC.V:]
WARNING: [filemgmt 56-199] Attempt to get parsing info during refresh. "On-the-fly" syntax checking information may be incorrect. [C:\Users\user\Desktop\final_bb\final_complete.srcs\sources_1\new\FROG_LOGIC.V:]
WARNING: [filemgmt 56-199] Attempt to get parsing info during refresh. "On-the-fly" syntax checking information may be incorrect. [C:\Users\user\Desktop\final_bb\final_complete.srcs\sources_1\new\FROG_LOGIC.V:]
WARNING: [filemgmt 56-199] Attempt to get parsing info during refresh. "On-the-fly" syntax checking information may be incorrect. [C:\Users\user\Desktop\final_bb\final_complete.srcs\sources_1\new\vga_controller_brain.v:]
WARNING: [filemgmt 56-199] Attempt to get parsing info during refresh. "On-the-fly" syntax checking information may be incorrect. [C:\Users\user\Desktop\final_bb\final_complete.srcs\sources_1\new\pixel_generate_display.v:]
WARNING: [filemgmt 56-199] Attempt to get parsing info during refresh. "On-the-fly" syntax checking information may be incorrect. [C:\Users\user\Desktop\final_bb\final_complete.srcs\sources_1\new\FROG_LOGIC.V:]
WARNING: [filemgmt 56-199] Attempt to get parsing info during refresh. "On-the-fly" syntax checking information may be incorrect. [C:\Users\user\Desktop\final_bb\final_complete.srcs\sources_1\new\pixel_generate_display.v:]
WARNING: [filemgmt 56-199] Attempt to get parsing info during refresh. "On-the-fly" syntax checking information may be incorrect. [C:\Users\user\Desktop\final_bb\final_complete.srcs\sources_1\new\pixel_generate_display.v:]
launch_runs impl_1 -jobs 6
[Thu Jun  5 02:04:32 2025] Launched impl_1...
Run output will be captured here: C:/Users/user/Desktop/final_bb/final_complete.runs/impl_1/runme.log
launch_runs impl_1 -to_step write_bitstream -jobs 6
[Thu Jun  5 02:05:31 2025] Launched impl_1...
Run output will be captured here: C:/Users/user/Desktop/final_bb/final_complete.runs/impl_1/runme.log
open_hw_manager
connect_hw_server -allow_non_jtag
INFO: [Labtools 27-2285] Connecting to hw_server url TCP:localhost:3121
INFO: [Labtools 27-2222] Launching hw_server...
INFO: [Labtools 27-2221] Launch Output:

****** Xilinx hw_server v2024.2
  **** Build date : Oct 29 2024 at 10:25:41
    ** Copyright 1986-2022 Xilinx, Inc. All Rights Reserved.


INFO: [Labtools 27-3415] Connecting to cs_server url TCP:localhost:0
INFO: [Labtools 27-3417] Launching cs_server...
INFO: [Labtools 27-2221] Launch Output:


******** Xilinx cs_server v2024.2.0
  ****** Build date   : Oct 31 2024-02:19:07
    **** Build number : 2024.2.1730312347
      ** Copyright 2017-2022 Xilinx, Inc. All Rights Reserved.
      ** Copyright 2022-2025 Advanced Micro Devices, Inc. All Rights Reserved.



connect_hw_server: Time (s): cpu = 00:00:00 ; elapsed = 00:00:08 . Memory (MB): peak = 1500.590 ; gain = 0.000
open_hw_target
INFO: [Labtoolstcl 44-466] Opening hw_target localhost:3121/xilinx_tcf/Xilinx/1234-tulA
set_property PROGRAM.FILE {C:/Users/user/Desktop/final_bb/final_complete.runs/impl_1/VGAController.bit} [get_hw_devices xc7a35t_0]
current_hw_device [get_hw_devices xc7a35t_0]
refresh_hw_device -update_hw_probes false [lindex [get_hw_devices xc7a35t_0] 0]
INFO: [Labtools 27-1434] Device xc7a35t (JTAG device index = 0) is programmed with a design that has no supported debug core(s) in it.
set_property PROBES.FILE {} [get_hw_devices xc7a35t_0]
set_property FULL_PROBES.FILE {} [get_hw_devices xc7a35t_0]
set_property PROGRAM.FILE {C:/Users/user/Desktop/final_bb/final_complete.runs/impl_1/VGAController.bit} [get_hw_devices xc7a35t_0]
program_hw_devices [get_hw_devices xc7a35t_0]
INFO: [Labtools 27-3164] End of startup status: HIGH
refresh_hw_device [lindex [get_hw_devices xc7a35t_0] 0]
INFO: [Labtools 27-1434] Device xc7a35t (JTAG device index = 0) is programmed with a design that has no supported debug core(s) in it.
set_property PROBES.FILE {} [get_hw_devices xc7a35t_0]
set_property FULL_PROBES.FILE {} [get_hw_devices xc7a35t_0]
set_property PROGRAM.FILE {C:/Users/user/Desktop/final_bb/final_complete.runs/impl_1/VGAController.bit} [get_hw_devices xc7a35t_0]
program_hw_devices [get_hw_devices xc7a35t_0]
INFO: [Labtools 27-3164] End of startup status: HIGH
refresh_hw_device [lindex [get_hw_devices xc7a35t_0] 0]
INFO: [Labtools 27-1434] Device xc7a35t (JTAG device index = 0) is programmed with a design that has no supported debug core(s) in it.
